App listening on port 3000!
{ orgname: 'Lordshire',
  username: 'College',
  age: '22',
  gender: 'M',
  contact: '435346456',
  address: 'dfgfdgdf',
  wallet_type: 'Student',
  'user-agent': 'PostmanRuntime/7.13.0',
  accept: '*/*',
  'cache-control': 'no-cache',
  'postman-token': '1974b573-cfbf-41aa-8a3d-4b809dc374d2',
  host: '18.207.229.72:3000',
  'accept-encoding': 'gzip, deflate',
  'content-length': '0',
  connection: 'keep-alive' }
{ orgname: 'Lordshire',
  username: 'Rohit',
  age: '22',
  gender: 'M',
  contact: '435346456',
  address: 'dfgfdgdf',
  wallet_type: 'Student',
  'user-agent': 'PostmanRuntime/7.13.0',
  accept: '*/*',
  'cache-control': 'no-cache',
  'postman-token': '796aa8e4-32ed-40db-8631-a9c90d6d239a',
  host: '18.207.229.72:3000',
  'accept-encoding': 'gzip, deflate',
  'content-length': '0',
  connection: 'keep-alive' }
App listening on port 3000!
App listening on port 3000!
App listening on port 3000!
Aya
{ host: '18.207.229.72:3000',
  connection: 'keep-alive',
  'content-length': '0',
  orgname: 'undefined',
  privatekey: 'undefined',
  certificate: 'undefined',
  'user-agent': 'Mozilla/5.0 (Windows NT 10.0; Win64; x64) AppleWebKit/537.36 (KHTML, like Gecko) Chrome/76.0.3809.100 Safari/537.36',
  'content-type': 'application/x-www-form-urlencoded',
  accept: 'application/json, text/plain, */*',
  username: 'undefined',
  mspid: 'undefined',
  type: 'undefined',
  origin: 'http://localhost:3000',
  referer: 'http://localhost:3000/Student',
  'accept-encoding': 'gzip, deflate',
  'accept-language': 'en-US,en;q=0.9' }
Error in user certificates or private key
Aya
{ host: '18.207.229.72:3000',
  connection: 'keep-alive',
  'content-length': '0',
  orgname: 'undefined',
  privatekey: 'undefined',
  certificate: 'undefined',
  'user-agent': 'Mozilla/5.0 (Windows NT 10.0; Win64; x64) AppleWebKit/537.36 (KHTML, like Gecko) Chrome/76.0.3809.100 Safari/537.36',
  'content-type': 'application/x-www-form-urlencoded',
  accept: 'application/json, text/plain, */*',
  username: 'undefined',
  mspid: 'undefined',
  type: 'undefined',
  origin: 'http://localhost:3000',
  referer: 'http://localhost:3000/Student',
  'accept-encoding': 'gzip, deflate',
  'accept-language': 'en-US,en;q=0.9' }
Error in user certificates or private key
Aya
{ type: 'X509',
  mspid: 'LordshireMSP',
  certificate: '-----BEGIN CERTIFICATE-----\\nMIICDDCCAbKgAwIBAgIUUKbF9SUVoULnwPU+YBrZQsLBYz0wCgYIKoZIzj0EAwIw\\nfTELMAkGA1UEBhMCVVMxEzARBgNVBAgTCkNhbGlmb3JuaWExFjAUBgNVBAcTDVNh\\nbiBGcmFuY2lzY28xHjAcBgNVBAoTFUxvcmRzaGlyZS5leGFtcGxlLmNvbTEhMB8G\\nA1UEAxMYY2EuTG9yZHNoaXJlLmV4YW1wbGUuY29tMB4XDTE5MDgyNzEwMTcwMFoX\\nDTIwMDgyNjEwMjIwMFowITEPMA0GA1UECxMGY2xpZW50MQ4wDAYDVQQDEwVhZG1p\\nbjBZMBMGByqGSM49AgEGCCqGSM49AwEHA0IABMAcOjlhYqpDTwnWB/E+MUR1h9hg\\n5alSFlxLHzmafRsFnc/32MpYFm+VVVxTQ+aRe2OPWfVF5+lWv76zk1or+gOjbDBq\\nMA4GA1UdDwEB/wQEAwIHgDAMBgNVHRMBAf8EAjAAMB0GA1UdDgQWBBQ2LayFkbSS\\nxTfj6AE2sE3+r/XVaTArBgNVHSMEJDAigCD1gaFt8yX7PB4Z/Thz9cVjZBsCRb0E\\nS0xhcFVqmWlEszAKBggqhkjOPQQDAgNIADBFAiEA8O+L23F8lbYWmelu4OkJQ+rj\\n3p7RO6M3TvSjFIopJ/YCIHjdYocrJYgP01gGsPOfgJr6Rt4l+MqimephAW37rTJF\\n-----END CERTIFICATE-----\\n',
  privatekey: '-----BEGIN PRIVATE KEY-----\\r\\nMIGHAgEAMBMGByqGSM49AgEGCCqGSM49AwEHBG0wawIBAQQgaiQCyFu0tjDMcsWA\\r\\nB6iEyL3RrgxWZ9IhejzHO15cYmihRANCAATAHDo5YWKqQ08J1gfxPjFEdYfYYOWp\\r\\nUhZcSx85mn0bBZ3P99jKWBZvlVVcU0PmkXtjj1n1RefpVr++s5NaK/oD\\r\\n-----END PRIVATE KEY-----\\r\\n',
  orgname: 'College',
  username: 'College_user3',
  'content-type': 'application/x-www-form-urlencoded',
  'user-agent': 'PostmanRuntime/7.13.0',
  accept: '*/*',
  'cache-control': 'no-cache',
  'postman-token': '8cbacb2d-0e9f-426f-a1b3-353fb7cd396d',
  host: '18.207.229.72:3000',
  'accept-encoding': 'gzip, deflate',
  'content-length': '1052',
  connection: 'keep-alive' }
wallet imported
Aya
{ type: 'X509',
  mspid: 'LordshireMSP',
  certificate: '-----BEGIN CERTIFICATE-----\\nMIICDDCCAbKgAwIBAgIUUKbF9SUVoULnwPU+YBrZQsLBYz0wCgYIKoZIzj0EAwIw\\nfTELMAkGA1UEBhMCVVMxEzARBgNVBAgTCkNhbGlmb3JuaWExFjAUBgNVBAcTDVNh\\nbiBGcmFuY2lzY28xHjAcBgNVBAoTFUxvcmRzaGlyZS5leGFtcGxlLmNvbTEhMB8G\\nA1UEAxMYY2EuTG9yZHNoaXJlLmV4YW1wbGUuY29tMB4XDTE5MDgyNzEwMTcwMFoX\\nDTIwMDgyNjEwMjIwMFowITEPMA0GA1UECxMGY2xpZW50MQ4wDAYDVQQDEwVhZG1p\\nbjBZMBMGByqGSM49AgEGCCqGSM49AwEHA0IABMAcOjlhYqpDTwnWB/E+MUR1h9hg\\n5alSFlxLHzmafRsFnc/32MpYFm+VVVxTQ+aRe2OPWfVF5+lWv76zk1or+gOjbDBq\\nMA4GA1UdDwEB/wQEAwIHgDAMBgNVHRMBAf8EAjAAMB0GA1UdDgQWBBQ2LayFkbSS\\nxTfj6AE2sE3+r/XVaTArBgNVHSMEJDAigCD1gaFt8yX7PB4Z/Thz9cVjZBsCRb0E\\nS0xhcFVqmWlEszAKBggqhkjOPQQDAgNIADBFAiEA8O+L23F8lbYWmelu4OkJQ+rj\\n3p7RO6M3TvSjFIopJ/YCIHjdYocrJYgP01gGsPOfgJr6Rt4l+MqimephAW37rTJF\\n-----END CERTIFICATE-----\\n',
  privatekey: '-----BEGIN PRIVATE KEY-----\\r\\nMIGHAgEAMBMGByqGSM49AgEGCCqGSM49AwEHBG0wawIBAQQgaiQCyFu0tjDMcsWA\\r\\nB6iEyL3RrgxWZ9IhejzHO15cYmihRANCAATAHDo5YWKqQ08J1gfxPjFEdYfYYOWp\\r\\nUhZcSx85mn0bBZ3P99jKWBZvlVVcU0PmkXtjj1n1RefpVr++s5NaK/oD\\r\\n-----END PRIVATE KEY-----\\r\\n',
  orgname: 'Lordshire',
  username: 'Rohit1',
  'content-type': 'application/x-www-form-urlencoded',
  'user-agent': 'PostmanRuntime/7.13.0',
  accept: '*/*',
  'cache-control': 'no-cache',
  'postman-token': 'd0ae1b55-0265-4ac6-9abe-af18564521d8',
  host: '18.207.229.72:3000',
  'accept-encoding': 'gzip, deflate',
  'content-length': '1052',
  connection: 'keep-alive' }
wallet imported
Aya
{ host: '18.207.229.72:3000',
  connection: 'keep-alive',
  'content-length': '1048',
  orgname: 'Lordshire',
  privatekey: '-----BEGIN PRIVATE KEY-----\\r\\nMIGHAgEAMBMGByqGSM49AgEGCCqGSM49AwEHBG0wawIBAQQgaiQCyFu0tjDMcsWA\\r\\nB6iEyL3RrgxWZ9IhejzHO15cYmihRANCAATAHDo5YWKqQ08J1gfxPjFEdYfYYOWp\\r\\nUhZcSx85mn0bBZ3P99jKWBZvlVVcU0PmkXtjj1n1RefpVr++s5NaK/oD\\r\\n-----END PRIVATE KEY-----\\r\\n',
  'cache-control': 'no-cache',
  certificate: '-----BEGIN CERTIFICATE-----\\nMIICDDCCAbKgAwIBAgIUUKbF9SUVoULnwPU+YBrZQsLBYz0wCgYIKoZIzj0EAwIw\\nfTELMAkGA1UEBhMCVVMxEzARBgNVBAgTCkNhbGlmb3JuaWExFjAUBgNVBAcTDVNh\\nbiBGcmFuY2lzY28xHjAcBgNVBAoTFUxvcmRzaGlyZS5leGFtcGxlLmNvbTEhMB8G\\nA1UEAxMYY2EuTG9yZHNoaXJlLmV4YW1wbGUuY29tMB4XDTE5MDgyNzEwMTcwMFoX\\nDTIwMDgyNjEwMjIwMFowITEPMA0GA1UECxMGY2xpZW50MQ4wDAYDVQQDEwVhZG1p\\nbjBZMBMGByqGSM49AgEGCCqGSM49AwEHA0IABMAcOjlhYqpDTwnWB/E+MUR1h9hg\\n5alSFlxLHzmafRsFnc/32MpYFm+VVVxTQ+aRe2OPWfVF5+lWv76zk1or+gOjbDBq\\nMA4GA1UdDwEB/wQEAwIHgDAMBgNVHRMBAf8EAjAAMB0GA1UdDgQWBBQ2LayFkbSS\\nxTfj6AE2sE3+r/XVaTArBgNVHSMEJDAigCD1gaFt8yX7PB4Z/Thz9cVjZBsCRb0E\\nS0xhcFVqmWlEszAKBggqhkjOPQQDAgNIADBFAiEA8O+L23F8lbYWmelu4OkJQ+rj\\n3p7RO6M3TvSjFIopJ/YCIHjdYocrJYgP01gGsPOfgJr6Rt4l+MqimephAW37rTJF\\n-----END CERTIFICATE-----\\n',
  'user-agent': 'Mozilla/5.0 (Windows NT 10.0; Win64; x64) AppleWebKit/537.36 (KHTML, like Gecko) Chrome/76.0.3809.100 Safari/537.36',
  'content-type': 'application/x-www-form-urlencoded',
  username: 'Rohit1',
  mspid: 'LordshireMSP',
  type: 'X509',
  'postman-token': '2d8e0ec4-0492-dea1-7452-bdb0a75ca5c6',
  accept: '*/*',
  origin: 'chrome-extension://fhbjgbiflinjbdggehcddcbncdddomop',
  'accept-encoding': 'gzip, deflate',
  'accept-language': 'en-US,en;q=0.9' }
wallet imported
Aya
{ host: '18.207.229.72:3000',
  connection: 'keep-alive',
  'content-length': '0',
  accept: 'application/json, text/plain, */*',
  'user-agent': 'Mozilla/5.0 (Windows NT 10.0; Win64; x64) AppleWebKit/537.36 (KHTML, like Gecko) Chrome/76.0.3809.100 Safari/537.36',
  origin: 'http://localhost:3000',
  referer: 'http://localhost:3000/Student',
  'accept-encoding': 'gzip, deflate',
  'accept-language': 'en-US,en;q=0.9' }
Aya
{ host: '18.207.229.72:3000',
  connection: 'keep-alive',
  'content-length': '0',
  accept: 'application/json, text/plain, */*',
  'user-agent': 'Mozilla/5.0 (Windows NT 10.0; Win64; x64) AppleWebKit/537.36 (KHTML, like Gecko) Chrome/76.0.3809.100 Safari/537.36',
  origin: 'http://localhost:3000',
  referer: 'http://localhost:3000/Student',
  'accept-encoding': 'gzip, deflate',
  'accept-language': 'en-US,en;q=0.9' }
Aya
{ host: '18.207.229.72:3000',
  connection: 'keep-alive',
  'content-length': '0',
  accept: 'application/json, text/plain, */*',
  'user-agent': 'Mozilla/5.0 (Windows NT 10.0; Win64; x64) AppleWebKit/537.36 (KHTML, like Gecko) Chrome/76.0.3809.100 Safari/537.36',
  origin: 'http://localhost:3000',
  referer: 'http://localhost:3000/Student',
  'accept-encoding': 'gzip, deflate',
  'accept-language': 'en-US,en;q=0.9' }
Aya
{ host: '18.207.229.72:3000',
  connection: 'keep-alive',
  'content-length': '0',
  accept: 'application/json, text/plain, */*',
  'user-agent': 'Mozilla/5.0 (Windows NT 10.0; Win64; x64) AppleWebKit/537.36 (KHTML, like Gecko) Chrome/76.0.3809.100 Safari/537.36',
  origin: 'http://localhost:3000',
  referer: 'http://localhost:3000/Student',
  'accept-encoding': 'gzip, deflate',
  'accept-language': 'en-US,en;q=0.9' }
Aya
{ host: '18.207.229.72:3000',
  connection: 'keep-alive',
  'content-length': '0',
  accept: 'application/json, text/plain, */*',
  'user-agent': 'Mozilla/5.0 (Windows NT 10.0; Win64; x64) AppleWebKit/537.36 (KHTML, like Gecko) Chrome/76.0.3809.100 Safari/537.36',
  origin: 'http://localhost:3000',
  referer: 'http://localhost:3000/Student',
  'accept-encoding': 'gzip, deflate',
  'accept-language': 'en-US,en;q=0.9' }
Aya
{ host: '18.207.229.72:3000',
  connection: 'keep-alive',
  'content-length': '0',
  accept: 'application/json, text/plain, */*',
  'user-agent': 'Mozilla/5.0 (Windows NT 10.0; Win64; x64) AppleWebKit/537.36 (KHTML, like Gecko) Chrome/76.0.3809.100 Safari/537.36',
  origin: 'http://localhost:3000',
  referer: 'http://localhost:3000/Student',
  'accept-encoding': 'gzip, deflate',
  'accept-language': 'en-US,en;q=0.9' }
Aya
{ host: '18.207.229.72:3000',
  connection: 'keep-alive',
  'content-length': '0',
  accept: 'application/json, text/plain, */*',
  'user-agent': 'Mozilla/5.0 (Windows NT 10.0; Win64; x64) AppleWebKit/537.36 (KHTML, like Gecko) Chrome/76.0.3809.100 Safari/537.36',
  origin: 'http://localhost:3000',
  referer: 'http://localhost:3000/Student',
  'accept-encoding': 'gzip, deflate',
  'accept-language': 'en-US,en;q=0.9' }
Aya
{ host: '18.207.229.72:3000',
  connection: 'keep-alive',
  'content-length': '0',
  accept: 'application/json, text/plain, */*',
  'user-agent': 'Mozilla/5.0 (Windows NT 10.0; Win64; x64) AppleWebKit/537.36 (KHTML, like Gecko) Chrome/76.0.3809.100 Safari/537.36',
  origin: 'http://localhost:3000',
  referer: 'http://localhost:3000/Student',
  'accept-encoding': 'gzip, deflate',
  'accept-language': 'en-US,en;q=0.9' }
Aya
{ host: '18.207.229.72:3000',
  connection: 'keep-alive',
  'content-length': '0',
  accept: 'application/json, text/plain, */*',
  'user-agent': 'Mozilla/5.0 (Windows NT 10.0; Win64; x64) AppleWebKit/537.36 (KHTML, like Gecko) Chrome/76.0.3809.100 Safari/537.36',
  origin: 'http://localhost:3000',
  referer: 'http://localhost:3000/Student',
  'accept-encoding': 'gzip, deflate',
  'accept-language': 'en-US,en;q=0.9' }
Aya
{ host: '18.207.229.72:3000',
  connection: 'keep-alive',
  'content-length': '0',
  accept: 'application/json, text/plain, */*',
  'user-agent': 'Mozilla/5.0 (Windows NT 10.0; Win64; x64) AppleWebKit/537.36 (KHTML, like Gecko) Chrome/76.0.3809.100 Safari/537.36',
  'content-type': 'application/x-www-form-urlencoded',
  origin: 'http://localhost:3000',
  referer: 'http://localhost:3000/Student',
  'accept-encoding': 'gzip, deflate',
  'accept-language': 'en-US,en;q=0.9' }
Aya
{ host: '18.207.229.72:3000',
  connection: 'keep-alive',
  'content-length': '0',
  accept: 'application/json, text/plain, */*',
  'user-agent': 'Mozilla/5.0 (Windows NT 10.0; Win64; x64) AppleWebKit/537.36 (KHTML, like Gecko) Chrome/76.0.3809.100 Safari/537.36',
  'content-type': 'application/x-www-form-urlencoded',
  origin: 'http://localhost:3000',
  referer: 'http://localhost:3000/Student',
  'accept-encoding': 'gzip, deflate',
  'accept-language': 'en-US,en;q=0.9' }
Aya
{ host: '18.207.229.72:3000',
  connection: 'keep-alive',
  'content-length': '0',
  accept: 'application/json, text/plain, */*',
  'user-agent': 'Mozilla/5.0 (Windows NT 10.0; Win64; x64) AppleWebKit/537.36 (KHTML, like Gecko) Chrome/76.0.3809.100 Safari/537.36',
  'content-type': 'application/x-www-form-urlencoded',
  origin: 'http://localhost:3000',
  referer: 'http://localhost:3000/Student',
  'accept-encoding': 'gzip, deflate',
  'accept-language': 'en-US,en;q=0.9' }
Aya
{ host: '18.207.229.72:3000',
  connection: 'keep-alive',
  'content-length': '0',
  accept: 'application/json, text/plain, */*',
  'user-agent': 'Mozilla/5.0 (Windows NT 10.0; Win64; x64) AppleWebKit/537.36 (KHTML, like Gecko) Chrome/76.0.3809.100 Safari/537.36',
  'content-type': 'application/x-www-form-urlencoded',
  origin: 'http://localhost:3000',
  referer: 'http://localhost:3000/Student',
  'accept-encoding': 'gzip, deflate',
  'accept-language': 'en-US,en;q=0.9' }
Aya
{ host: '18.207.229.72:3000',
  connection: 'keep-alive',
  'content-length': '3',
  accept: 'application/json, text/plain, */*',
  'user-agent': 'Mozilla/5.0 (Windows NT 10.0; Win64; x64) AppleWebKit/537.36 (KHTML, like Gecko) Chrome/76.0.3809.100 Safari/537.36',
  'content-type': 'application/x-www-form-urlencoded',
  origin: 'http://localhost:3000',
  referer: 'http://localhost:3000/Student',
  'accept-encoding': 'gzip, deflate',
  'accept-language': 'en-US,en;q=0.9' }
Aya
{ host: '18.207.229.72:3000',
  connection: 'keep-alive',
  'content-length': '44',
  accept: 'application/json, text/plain, */*',
  'user-agent': 'Mozilla/5.0 (Windows NT 10.0; Win64; x64) AppleWebKit/537.36 (KHTML, like Gecko) Chrome/76.0.3809.100 Safari/537.36',
  'content-type': 'application/json;charset=UTF-8',
  origin: 'http://localhost:3000',
  referer: 'http://localhost:3000/Student',
  'accept-encoding': 'gzip, deflate',
  'accept-language': 'en-US,en;q=0.9' }
Aya
{ host: '18.207.229.72:3000',
  connection: 'keep-alive',
  'content-length': '1048',
  orgname: 'Lordshire',
  privatekey: '-----BEGIN PRIVATE KEY-----\\r\\nMIGHAgEAMBMGByqGSM49AgEGCCqGSM49AwEHBG0wawIBAQQgaiQCyFu0tjDMcsWA\\r\\nB6iEyL3RrgxWZ9IhejzHO15cYmihRANCAATAHDo5YWKqQ08J1gfxPjFEdYfYYOWp\\r\\nUhZcSx85mn0bBZ3P99jKWBZvlVVcU0PmkXtjj1n1RefpVr++s5NaK/oD\\r\\n-----END PRIVATE KEY-----\\r\\n',
  'cache-control': 'no-cache',
  certificate: '-----BEGIN CERTIFICATE-----\\nMIICDDCCAbKgAwIBAgIUUKbF9SUVoULnwPU+YBrZQsLBYz0wCgYIKoZIzj0EAwIw\\nfTELMAkGA1UEBhMCVVMxEzARBgNVBAgTCkNhbGlmb3JuaWExFjAUBgNVBAcTDVNh\\nbiBGcmFuY2lzY28xHjAcBgNVBAoTFUxvcmRzaGlyZS5leGFtcGxlLmNvbTEhMB8G\\nA1UEAxMYY2EuTG9yZHNoaXJlLmV4YW1wbGUuY29tMB4XDTE5MDgyNzEwMTcwMFoX\\nDTIwMDgyNjEwMjIwMFowITEPMA0GA1UECxMGY2xpZW50MQ4wDAYDVQQDEwVhZG1p\\nbjBZMBMGByqGSM49AgEGCCqGSM49AwEHA0IABMAcOjlhYqpDTwnWB/E+MUR1h9hg\\n5alSFlxLHzmafRsFnc/32MpYFm+VVVxTQ+aRe2OPWfVF5+lWv76zk1or+gOjbDBq\\nMA4GA1UdDwEB/wQEAwIHgDAMBgNVHRMBAf8EAjAAMB0GA1UdDgQWBBQ2LayFkbSS\\nxTfj6AE2sE3+r/XVaTArBgNVHSMEJDAigCD1gaFt8yX7PB4Z/Thz9cVjZBsCRb0E\\nS0xhcFVqmWlEszAKBggqhkjOPQQDAgNIADBFAiEA8O+L23F8lbYWmelu4OkJQ+rj\\n3p7RO6M3TvSjFIopJ/YCIHjdYocrJYgP01gGsPOfgJr6Rt4l+MqimephAW37rTJF\\n-----END CERTIFICATE-----\\n',
  'user-agent': 'Mozilla/5.0 (Windows NT 10.0; Win64; x64) AppleWebKit/537.36 (KHTML, like Gecko) Chrome/76.0.3809.100 Safari/537.36',
  'content-type': 'application/x-www-form-urlencoded',
  username: 'Rohit1',
  mspid: 'LordshireMSP',
  type: 'X509',
  'postman-token': '4e07eab1-87a1-d222-67ce-a698031d22ef',
  accept: '*/*',
  origin: 'chrome-extension://fhbjgbiflinjbdggehcddcbncdddomop',
  'accept-encoding': 'gzip, deflate',
  'accept-language': 'en-US,en;q=0.9' }
wallet imported
Aya
{ host: '18.207.229.72:3000',
  connection: 'keep-alive',
  'content-length': '44',
  accept: 'application/json, text/plain, */*',
  'user-agent': 'Mozilla/5.0 (Windows NT 10.0; Win64; x64) AppleWebKit/537.36 (KHTML, like Gecko) Chrome/76.0.3809.100 Safari/537.36',
  'content-type': 'application/json;charset=UTF-8',
  origin: 'http://localhost:3000',
  referer: 'http://localhost:3000/Student',
  'accept-encoding': 'gzip, deflate',
  'accept-language': 'en-US,en;q=0.9' }
App listening on port 3000!
App listening on port 3000!
App listening on port 3000!
App listening on port 3000!
Aya
{ host: '18.207.229.72:3000',
  connection: 'keep-alive',
  'content-length': '1048',
  orgname: 'Lordshire',
  privatekey: '-----BEGIN PRIVATE KEY-----\\r\\nMIGHAgEAMBMGByqGSM49AgEGCCqGSM49AwEHBG0wawIBAQQgaiQCyFu0tjDMcsWA\\r\\nB6iEyL3RrgxWZ9IhejzHO15cYmihRANCAATAHDo5YWKqQ08J1gfxPjFEdYfYYOWp\\r\\nUhZcSx85mn0bBZ3P99jKWBZvlVVcU0PmkXtjj1n1RefpVr++s5NaK/oD\\r\\n-----END PRIVATE KEY-----\\r\\n',
  'cache-control': 'no-cache',
  certificate: '-----BEGIN CERTIFICATE-----\\nMIICDDCCAbKgAwIBAgIUUKbF9SUVoULnwPU+YBrZQsLBYz0wCgYIKoZIzj0EAwIw\\nfTELMAkGA1UEBhMCVVMxEzARBgNVBAgTCkNhbGlmb3JuaWExFjAUBgNVBAcTDVNh\\nbiBGcmFuY2lzY28xHjAcBgNVBAoTFUxvcmRzaGlyZS5leGFtcGxlLmNvbTEhMB8G\\nA1UEAxMYY2EuTG9yZHNoaXJlLmV4YW1wbGUuY29tMB4XDTE5MDgyNzEwMTcwMFoX\\nDTIwMDgyNjEwMjIwMFowITEPMA0GA1UECxMGY2xpZW50MQ4wDAYDVQQDEwVhZG1p\\nbjBZMBMGByqGSM49AgEGCCqGSM49AwEHA0IABMAcOjlhYqpDTwnWB/E+MUR1h9hg\\n5alSFlxLHzmafRsFnc/32MpYFm+VVVxTQ+aRe2OPWfVF5+lWv76zk1or+gOjbDBq\\nMA4GA1UdDwEB/wQEAwIHgDAMBgNVHRMBAf8EAjAAMB0GA1UdDgQWBBQ2LayFkbSS\\nxTfj6AE2sE3+r/XVaTArBgNVHSMEJDAigCD1gaFt8yX7PB4Z/Thz9cVjZBsCRb0E\\nS0xhcFVqmWlEszAKBggqhkjOPQQDAgNIADBFAiEA8O+L23F8lbYWmelu4OkJQ+rj\\n3p7RO6M3TvSjFIopJ/YCIHjdYocrJYgP01gGsPOfgJr6Rt4l+MqimephAW37rTJF\\n-----END CERTIFICATE-----\\n',
  'user-agent': 'Mozilla/5.0 (Windows NT 10.0; Win64; x64) AppleWebKit/537.36 (KHTML, like Gecko) Chrome/76.0.3809.100 Safari/537.36',
  'content-type': 'application/x-www-form-urlencoded',
  username: 'Rohit1',
  mspid: 'LordshireMSP',
  type: 'X509',
  'postman-token': '8983c76c-bb4a-d31b-5304-ddb133c014d6',
  accept: '*/*',
  origin: 'chrome-extension://fhbjgbiflinjbdggehcddcbncdddomop',
  'accept-encoding': 'gzip, deflate',
  'accept-language': 'en-US,en;q=0.9' }
wallet imported
Aya
{ host: '18.207.229.72:3000',
  connection: 'keep-alive',
  'content-length': '1048',
  orgname: 'Lordshire',
  privatekey: '-----BEGIN PRIVATE KEY-----\\r\\nMIGHAgEAMBMGByqGSM49AgEGCCqGSM49AwEHBG0wawIBAQQgaiQCyFu0tjDMcsWA\\r\\nB6iEyL3RrgxWZ9IhejzHO15cYmihRANCAATAHDo5YWKqQ08J1gfxPjFEdYfYYOWp\\r\\nUhZcSx85mn0bBZ3P99jKWBZvlVVcU0PmkXtjj1n1RefpVr++s5NaK/oD\\r\\n-----END PRIVATE KEY-----\\r\\n',
  'cache-control': 'no-cache',
  certificate: '-----BEGIN CERTIFICATE-----\\nMIICDDCCAbKgAwIBAgIUUKbF9SUVoULnwPU+YBrZQsLBYz0wCgYIKoZIzj0EAwIw\\nfTELMAkGA1UEBhMCVVMxEzARBgNVBAgTCkNhbGlmb3JuaWExFjAUBgNVBAcTDVNh\\nbiBGcmFuY2lzY28xHjAcBgNVBAoTFUxvcmRzaGlyZS5leGFtcGxlLmNvbTEhMB8G\\nA1UEAxMYY2EuTG9yZHNoaXJlLmV4YW1wbGUuY29tMB4XDTE5MDgyNzEwMTcwMFoX\\nDTIwMDgyNjEwMjIwMFowITEPMA0GA1UECxMGY2xpZW50MQ4wDAYDVQQDEwVhZG1p\\nbjBZMBMGByqGSM49AgEGCCqGSM49AwEHA0IABMAcOjlhYqpDTwnWB/E+MUR1h9hg\\n5alSFlxLHzmafRsFnc/32MpYFm+VVVxTQ+aRe2OPWfVF5+lWv76zk1or+gOjbDBq\\nMA4GA1UdDwEB/wQEAwIHgDAMBgNVHRMBAf8EAjAAMB0GA1UdDgQWBBQ2LayFkbSS\\nxTfj6AE2sE3+r/XVaTArBgNVHSMEJDAigCD1gaFt8yX7PB4Z/Thz9cVjZBsCRb0E\\nS0xhcFVqmWlEszAKBggqhkjOPQQDAgNIADBFAiEA8O+L23F8lbYWmelu4OkJQ+rj\\n3p7RO6M3TvSjFIopJ/YCIHjdYocrJYgP01gGsPOfgJr6Rt4l+MqimephAW37rTJF\\n-----END CERTIFICATE-----\\n',
  'user-agent': 'Mozilla/5.0 (Windows NT 10.0; Win64; x64) AppleWebKit/537.36 (KHTML, like Gecko) Chrome/76.0.3809.100 Safari/537.36',
  'content-type': 'application/x-www-form-urlencoded',
  username: 'Rohit1',
  mspid: 'LordshireMSP',
  type: 'X509',
  'postman-token': '94394112-7bdb-22c1-0808-42117f6a297c',
  accept: '*/*',
  origin: 'chrome-extension://fhbjgbiflinjbdggehcddcbncdddomop',
  'accept-encoding': 'gzip, deflate',
  'accept-language': 'en-US,en;q=0.9' }
wallet imported
App listening on port 3000!
Aya
{ host: '18.207.229.72:3000',
  connection: 'keep-alive',
  'content-length': '1052',
  'user-agent': 'Mozilla/5.0 (Windows NT 10.0; Win64; x64) AppleWebKit/537.36 (KHTML, like Gecko) Chrome/76.0.3809.100 Safari/537.36',
  'content-type': 'application/x-www-form-urlencoded',
  accept: '*/*',
  origin: 'http://localhost:3000',
  referer: 'http://localhost:3000/Student',
  'accept-encoding': 'gzip, deflate',
  'accept-language': 'en-US,en;q=0.9' }
App listening on port 3000!
Aya
{ 'cache-control': 'no-cache',
  'postman-token': '0a3ad068-fd05-42c3-afdb-6c99f229642a',
  'user-agent': 'PostmanRuntime/7.6.0',
  accept: '*/*',
  host: 'ec2-18-207-229-72.compute-1.amazonaws.com:3000',
  'content-type': 'application/x-www-form-urlencoded',
  'accept-encoding': 'gzip, deflate',
  'content-length': '1282',
  connection: 'keep-alive' }
App listening on port 3000!
Aya
{}
Aya
{}
App listening on port 3000!
Aya
{ studentId: '1',
  type: 'X509',
  mspId: 'LordshireMSP',
  certificate: '-----BEGIN CERTIFICATE-----\\nMIICDDCCAbKgAwIBAgIUUKbF9SUVoULnwPU+YBrZQsLBYz0wCgYIKoZIzj0EAwIw\\nfTELMAkGA1UEBhMCVVMxEzARBgNVBAgTCkNhbGlmb3JuaWExFjAUBgNVBAcTDVNh\\nbiBGcmFuY2lzY28xHjAcBgNVBAoTFUxvcmRzaGlyZS5leGFtcGxlLmNvbTEhMB8G\\nA1UEAxMYY2EuTG9yZHNoaXJlLmV4YW1wbGUuY29tMB4XDTE5MDgyNzEwMTcwMFoX\\nDTIwMDgyNjEwMjIwMFowITEPMA0GA1UECxMGY2xpZW50MQ4wDAYDVQQDEwVhZG1p\\nbjBZMBMGByqGSM49AgEGCCqGSM49AwEHA0IABMAcOjlhYqpDTwnWB/E+MUR1h9hg\\n5alSFlxLHzmafRsFnc/32MpYFm+VVVxTQ+aRe2OPWfVF5+lWv76zk1or+gOjbDBq\\nMA4GA1UdDwEB/wQEAwIHgDAMBgNVHRMBAf8EAjAAMB0GA1UdDgQWBBQ2LayFkbSS\\nxTfj6AE2sE3+r/XVaTArBgNVHSMEJDAigCD1gaFt8yX7PB4Z/Thz9cVjZBsCRb0E\\nS0xhcFVqmWlEszAKBggqhkjOPQQDAgNIADBFAiEA8O+L23F8lbYWmelu4OkJQ+rj\\n3p7RO6M3TvSjFIopJ/YCIHjdYocrJYgP01gGsPOfgJr6Rt4l+MqimephAW37rTJF\\n-----END CERTIFICATE-----\\n',
  privateKey: '-----BEGIN PRIVATE KEY-----\\r\\nMIGHAgEAMBMGByqGSM49AgEGCCqGSM49AwEHBG0wawIBAQQgaiQCyFu0tjDMcsWA\\r\\nB6iEyL3RrgxWZ9IhejzHO15cYmihRANCAATAHDo5YWKqQ08J1gfxPjFEdYfYYOWp\\r\\nUhZcSx85mn0bBZ3P99jKWBZvlVVcU0PmkXtjj1n1RefpVr++s5NaK/oD\\r\\n-----END PRIVATE KEY-----\\r\\n',
  orgName: 'Lordshire',
  userName: 'Rohit1',
  'Content-Type': 'application/x-www-form-urlencoded' }
{ studentId: '1',
  type: 'X509',
  mspId: 'LordshireMSP',
  certificate: '-----BEGIN CERTIFICATE-----\\nMIICDDCCAbKgAwIBAgIUUKbF9SUVoULnwPU+YBrZQsLBYz0wCgYIKoZIzj0EAwIw\\nfTELMAkGA1UEBhMCVVMxEzARBgNVBAgTCkNhbGlmb3JuaWExFjAUBgNVBAcTDVNh\\nbiBGcmFuY2lzY28xHjAcBgNVBAoTFUxvcmRzaGlyZS5leGFtcGxlLmNvbTEhMB8G\\nA1UEAxMYY2EuTG9yZHNoaXJlLmV4YW1wbGUuY29tMB4XDTE5MDgyNzEwMTcwMFoX\\nDTIwMDgyNjEwMjIwMFowITEPMA0GA1UECxMGY2xpZW50MQ4wDAYDVQQDEwVhZG1p\\nbjBZMBMGByqGSM49AgEGCCqGSM49AwEHA0IABMAcOjlhYqpDTwnWB/E+MUR1h9hg\\n5alSFlxLHzmafRsFnc/32MpYFm+VVVxTQ+aRe2OPWfVF5+lWv76zk1or+gOjbDBq\\nMA4GA1UdDwEB/wQEAwIHgDAMBgNVHRMBAf8EAjAAMB0GA1UdDgQWBBQ2LayFkbSS\\nxTfj6AE2sE3+r/XVaTArBgNVHSMEJDAigCD1gaFt8yX7PB4Z/Thz9cVjZBsCRb0E\\nS0xhcFVqmWlEszAKBggqhkjOPQQDAgNIADBFAiEA8O+L23F8lbYWmelu4OkJQ+rj\\n3p7RO6M3TvSjFIopJ/YCIHjdYocrJYgP01gGsPOfgJr6Rt4l+MqimephAW37rTJF\\n-----END CERTIFICATE-----\\n',
  privateKey: '-----BEGIN PRIVATE KEY-----\\r\\nMIGHAgEAMBMGByqGSM49AgEGCCqGSM49AwEHBG0wawIBAQQgaiQCyFu0tjDMcsWA\\r\\nB6iEyL3RrgxWZ9IhejzHO15cYmihRANCAATAHDo5YWKqQ08J1gfxPjFEdYfYYOWp\\r\\nUhZcSx85mn0bBZ3P99jKWBZvlVVcU0PmkXtjj1n1RefpVr++s5NaK/oD\\r\\n-----END PRIVATE KEY-----\\r\\n',
  orgName: 'Lordshire',
  userName: 'Rohit1',
  'Content-Type': 'application/x-www-form-urlencoded' }
Aya
{ studentId: '1',
  type: 'X509',
  mspId: 'LordshireMSP',
  certificate: '-----BEGIN CERTIFICATE-----\\nMIICDDCCAbKgAwIBAgIUUKbF9SUVoULnwPU+YBrZQsLBYz0wCgYIKoZIzj0EAwIw\\nfTELMAkGA1UEBhMCVVMxEzARBgNVBAgTCkNhbGlmb3JuaWExFjAUBgNVBAcTDVNh\\nbiBGcmFuY2lzY28xHjAcBgNVBAoTFUxvcmRzaGlyZS5leGFtcGxlLmNvbTEhMB8G\\nA1UEAxMYY2EuTG9yZHNoaXJlLmV4YW1wbGUuY29tMB4XDTE5MDgyNzEwMTcwMFoX\\nDTIwMDgyNjEwMjIwMFowITEPMA0GA1UECxMGY2xpZW50MQ4wDAYDVQQDEwVhZG1p\\nbjBZMBMGByqGSM49AgEGCCqGSM49AwEHA0IABMAcOjlhYqpDTwnWB/E+MUR1h9hg\\n5alSFlxLHzmafRsFnc/32MpYFm+VVVxTQ+aRe2OPWfVF5+lWv76zk1or+gOjbDBq\\nMA4GA1UdDwEB/wQEAwIHgDAMBgNVHRMBAf8EAjAAMB0GA1UdDgQWBBQ2LayFkbSS\\nxTfj6AE2sE3+r/XVaTArBgNVHSMEJDAigCD1gaFt8yX7PB4Z/Thz9cVjZBsCRb0E\\nS0xhcFVqmWlEszAKBggqhkjOPQQDAgNIADBFAiEA8O+L23F8lbYWmelu4OkJQ+rj\\n3p7RO6M3TvSjFIopJ/YCIHjdYocrJYgP01gGsPOfgJr6Rt4l+MqimephAW37rTJF\\n-----END CERTIFICATE-----\\n',
  privateKey: '-----BEGIN PRIVATE KEY-----\\r\\nMIGHAgEAMBMGByqGSM49AgEGCCqGSM49AwEHBG0wawIBAQQgaiQCyFu0tjDMcsWA\\r\\nB6iEyL3RrgxWZ9IhejzHO15cYmihRANCAATAHDo5YWKqQ08J1gfxPjFEdYfYYOWp\\r\\nUhZcSx85mn0bBZ3P99jKWBZvlVVcU0PmkXtjj1n1RefpVr++s5NaK/oD\\r\\n-----END PRIVATE KEY-----\\r\\n',
  orgName: 'Lordshire',
  userName: 'Rohit1',
  'Content-Type': 'application/x-www-form-urlencoded' }
{ studentId: '1',
  type: 'X509',
  mspId: 'LordshireMSP',
  certificate: '-----BEGIN CERTIFICATE-----\\nMIICDDCCAbKgAwIBAgIUUKbF9SUVoULnwPU+YBrZQsLBYz0wCgYIKoZIzj0EAwIw\\nfTELMAkGA1UEBhMCVVMxEzARBgNVBAgTCkNhbGlmb3JuaWExFjAUBgNVBAcTDVNh\\nbiBGcmFuY2lzY28xHjAcBgNVBAoTFUxvcmRzaGlyZS5leGFtcGxlLmNvbTEhMB8G\\nA1UEAxMYY2EuTG9yZHNoaXJlLmV4YW1wbGUuY29tMB4XDTE5MDgyNzEwMTcwMFoX\\nDTIwMDgyNjEwMjIwMFowITEPMA0GA1UECxMGY2xpZW50MQ4wDAYDVQQDEwVhZG1p\\nbjBZMBMGByqGSM49AgEGCCqGSM49AwEHA0IABMAcOjlhYqpDTwnWB/E+MUR1h9hg\\n5alSFlxLHzmafRsFnc/32MpYFm+VVVxTQ+aRe2OPWfVF5+lWv76zk1or+gOjbDBq\\nMA4GA1UdDwEB/wQEAwIHgDAMBgNVHRMBAf8EAjAAMB0GA1UdDgQWBBQ2LayFkbSS\\nxTfj6AE2sE3+r/XVaTArBgNVHSMEJDAigCD1gaFt8yX7PB4Z/Thz9cVjZBsCRb0E\\nS0xhcFVqmWlEszAKBggqhkjOPQQDAgNIADBFAiEA8O+L23F8lbYWmelu4OkJQ+rj\\n3p7RO6M3TvSjFIopJ/YCIHjdYocrJYgP01gGsPOfgJr6Rt4l+MqimephAW37rTJF\\n-----END CERTIFICATE-----\\n',
  privateKey: '-----BEGIN PRIVATE KEY-----\\r\\nMIGHAgEAMBMGByqGSM49AgEGCCqGSM49AwEHBG0wawIBAQQgaiQCyFu0tjDMcsWA\\r\\nB6iEyL3RrgxWZ9IhejzHO15cYmihRANCAATAHDo5YWKqQ08J1gfxPjFEdYfYYOWp\\r\\nUhZcSx85mn0bBZ3P99jKWBZvlVVcU0PmkXtjj1n1RefpVr++s5NaK/oD\\r\\n-----END PRIVATE KEY-----\\r\\n',
  orgName: 'Lordshire',
  userName: 'Rohit1',
  'Content-Type': 'application/x-www-form-urlencoded' }
Aya
{ 'Content-Type': 'application/x-www-form-urlencoded; charset=UTF-8',
  certificate: '-----BEGIN CERTIFICATE-----\\nMIICDDCCAbKgAwIBAgIUUKbF9SUVoULnwPU+YBrZQsLBYz0wCgYIKoZIzj0EAwIw\\nfTELMAkGA1UEBhMCVVMxEzARBgNVBAgTCkNhbGlmb3JuaWExFjAUBgNVBAcTDVNh\\nbiBGcmFuY2lzY28xHjAcBgNVBAoTFUxvcmRzaGlyZS5leGFtcGxlLmNvbTEhMB8G\\nA1UEAxMYY2EuTG9yZHNoaXJlLmV4YW1wbGUuY29tMB4XDTE5MDgyNzEwMTcwMFoX\\nDTIwMDgyNjEwMjIwMFowITEPMA0GA1UECxMGY2xpZW50MQ4wDAYDVQQDEwVhZG1p\\nbjBZMBMGByqGSM49AgEGCCqGSM49AwEHA0IABMAcOjlhYqpDTwnWB/E+MUR1h9hg\\n5alSFlxLHzmafRsFnc/32MpYFm+VVVxTQ+aRe2OPWfVF5+lWv76zk1or+gOjbDBq\\nMA4GA1UdDwEB/wQEAwIHgDAMBgNVHRMBAf8EAjAAMB0GA1UdDgQWBBQ2LayFkbSS\\nxTfj6AE2sE3+r/XVaTArBgNVHSMEJDAigCD1gaFt8yX7PB4Z/Thz9cVjZBsCRb0E\\nS0xhcFVqmWlEszAKBggqhkjOPQQDAgNIADBFAiEA8O+L23F8lbYWmelu4OkJQ+rj\\n3p7RO6M3TvSjFIopJ/YCIHjdYocrJYgP01gGsPOfgJr6Rt4l+MqimephAW37rTJF\\n-----END CERTIFICATE-----\\n',
  mspId: 'LordshireMSP',
  orgName: 'Lordshire',
  privateKey: '-----BEGIN PRIVATE KEY-----\r\nMIGHAgEAMBMGByqGSM49AgEGCCqGSM49AwEHBG0wawIBAQQgQhNnd5g9e6/hjVrx\r\n9B9rO+BzmVlQBVuDRG7ID2Xm6WihRANCAARG+ZOTzrUL4vg7AYsPQdCfA0oU5Vkv\r\nIo8H7/xe2/EYIaJjS7xr19ne843Bahj71nyWunpmKkHxqulBF/0/czLC\r\n-----END PRIVATE KEY-----\r\n',
  type: '-----BEGIN PRIVATE KEY-----\r\nMIGHAgEAMBMGByqGSM49AgEGCCqGSM49AwEHBG0wawIBAQQgQhNnd5g9e6/hjVrx\r\n9B9rO+BzmVlQBVuDRG7ID2Xm6WihRANCAARG+ZOTzrUL4vg7AYsPQdCfA0oU5Vkv\r\nIo8H7/xe2/EYIaJjS7xr19ne843Bahj71nyWunpmKkHxqulBF/0/czLC\r\n-----END PRIVATE KEY-----\r\n',
  userName: 'x',
  wallet_type: 'Student',
  studentId: '-----BEGIN CERTIFICATE-----\\nMIICDDCCAbKgAwIBAgIUUKbF9SUVoULnwPU+YBrZQsLBYz0wCgYIKoZIzj0EAwIw\\nfTELMAkGA1UEBhMCVVMxEzARBgNVBAgTCkNhbGlmb3JuaWExFjAUBgNVBAcTDVNh\\nbiBGcmFuY2lzY28xHjAcBgNVBAoTFUxvcmRzaGlyZS5leGFtcGxlLmNvbTEhMB8G\\nA1UEAxMYY2EuTG9yZHNoaXJlLmV4YW1wbGUuY29tMB4XDTE5MDgyNzEwMTcwMFoX\\nDTIwMDgyNjEwMjIwMFowITEPMA0GA1UECxMGY2xpZW50MQ4wDAYDVQQDEwVhZG1p\\nbjBZMBMGByqGSM49AgEGCCqGSM49AwEHA0IABMAcOjlhYqpDTwnWB/E+MUR1h9hg\\n5alSFlxLHzmafRsFnc/32MpYFm+VVVxTQ+aRe2OPWfVF5+lWv76zk1or+gOjbDBq\\nMA4GA1UdDwEB/wQEAwIHgDAMBgNVHRMBAf8EAjAAMB0GA1UdDgQWBBQ2LayFkbSS\\nxTfj6AE2sE3+r/XVaTArBgNVHSMEJDAigCD1gaFt8yX7PB4Z/Thz9cVjZBsCRb0E\\nS0xhcFVqmWlEszAKBggqhkjOPQQDAgNIADBFAiEA8O+L23F8lbYWmelu4OkJQ+rj\\n3p7RO6M3TvSjFIopJ/YCIHjdYocrJYgP01gGsPOfgJr6Rt4l+MqimephAW37rTJF\\n-----END CERTIFICATE-----\\n' }
{ 'Content-Type': 'application/x-www-form-urlencoded; charset=UTF-8',
  certificate: '-----BEGIN CERTIFICATE-----\\nMIICDDCCAbKgAwIBAgIUUKbF9SUVoULnwPU+YBrZQsLBYz0wCgYIKoZIzj0EAwIw\\nfTELMAkGA1UEBhMCVVMxEzARBgNVBAgTCkNhbGlmb3JuaWExFjAUBgNVBAcTDVNh\\nbiBGcmFuY2lzY28xHjAcBgNVBAoTFUxvcmRzaGlyZS5leGFtcGxlLmNvbTEhMB8G\\nA1UEAxMYY2EuTG9yZHNoaXJlLmV4YW1wbGUuY29tMB4XDTE5MDgyNzEwMTcwMFoX\\nDTIwMDgyNjEwMjIwMFowITEPMA0GA1UECxMGY2xpZW50MQ4wDAYDVQQDEwVhZG1p\\nbjBZMBMGByqGSM49AgEGCCqGSM49AwEHA0IABMAcOjlhYqpDTwnWB/E+MUR1h9hg\\n5alSFlxLHzmafRsFnc/32MpYFm+VVVxTQ+aRe2OPWfVF5+lWv76zk1or+gOjbDBq\\nMA4GA1UdDwEB/wQEAwIHgDAMBgNVHRMBAf8EAjAAMB0GA1UdDgQWBBQ2LayFkbSS\\nxTfj6AE2sE3+r/XVaTArBgNVHSMEJDAigCD1gaFt8yX7PB4Z/Thz9cVjZBsCRb0E\\nS0xhcFVqmWlEszAKBggqhkjOPQQDAgNIADBFAiEA8O+L23F8lbYWmelu4OkJQ+rj\\n3p7RO6M3TvSjFIopJ/YCIHjdYocrJYgP01gGsPOfgJr6Rt4l+MqimephAW37rTJF\\n-----END CERTIFICATE-----\\n',
  mspId: 'LordshireMSP',
  orgName: 'Lordshire',
  privateKey: '-----BEGIN PRIVATE KEY-----\r\nMIGHAgEAMBMGByqGSM49AgEGCCqGSM49AwEHBG0wawIBAQQgQhNnd5g9e6/hjVrx\r\n9B9rO+BzmVlQBVuDRG7ID2Xm6WihRANCAARG+ZOTzrUL4vg7AYsPQdCfA0oU5Vkv\r\nIo8H7/xe2/EYIaJjS7xr19ne843Bahj71nyWunpmKkHxqulBF/0/czLC\r\n-----END PRIVATE KEY-----\r\n',
  type: '-----BEGIN PRIVATE KEY-----\r\nMIGHAgEAMBMGByqGSM49AgEGCCqGSM49AwEHBG0wawIBAQQgQhNnd5g9e6/hjVrx\r\n9B9rO+BzmVlQBVuDRG7ID2Xm6WihRANCAARG+ZOTzrUL4vg7AYsPQdCfA0oU5Vkv\r\nIo8H7/xe2/EYIaJjS7xr19ne843Bahj71nyWunpmKkHxqulBF/0/czLC\r\n-----END PRIVATE KEY-----\r\n',
  userName: 'x',
  wallet_type: 'Student',
  studentId: '-----BEGIN CERTIFICATE-----\\nMIICDDCCAbKgAwIBAgIUUKbF9SUVoULnwPU+YBrZQsLBYz0wCgYIKoZIzj0EAwIw\\nfTELMAkGA1UEBhMCVVMxEzARBgNVBAgTCkNhbGlmb3JuaWExFjAUBgNVBAcTDVNh\\nbiBGcmFuY2lzY28xHjAcBgNVBAoTFUxvcmRzaGlyZS5leGFtcGxlLmNvbTEhMB8G\\nA1UEAxMYY2EuTG9yZHNoaXJlLmV4YW1wbGUuY29tMB4XDTE5MDgyNzEwMTcwMFoX\\nDTIwMDgyNjEwMjIwMFowITEPMA0GA1UECxMGY2xpZW50MQ4wDAYDVQQDEwVhZG1p\\nbjBZMBMGByqGSM49AgEGCCqGSM49AwEHA0IABMAcOjlhYqpDTwnWB/E+MUR1h9hg\\n5alSFlxLHzmafRsFnc/32MpYFm+VVVxTQ+aRe2OPWfVF5+lWv76zk1or+gOjbDBq\\nMA4GA1UdDwEB/wQEAwIHgDAMBgNVHRMBAf8EAjAAMB0GA1UdDgQWBBQ2LayFkbSS\\nxTfj6AE2sE3+r/XVaTArBgNVHSMEJDAigCD1gaFt8yX7PB4Z/Thz9cVjZBsCRb0E\\nS0xhcFVqmWlEszAKBggqhkjOPQQDAgNIADBFAiEA8O+L23F8lbYWmelu4OkJQ+rj\\n3p7RO6M3TvSjFIopJ/YCIHjdYocrJYgP01gGsPOfgJr6Rt4l+MqimephAW37rTJF\\n-----END CERTIFICATE-----\\n' }
Aya
{ studentId: '1',
  type: 'X509',
  mspId: 'LordshireMSP',
  certificate: '-----BEGIN CERTIFICATE-----\\nMIICDDCCAbKgAwIBAgIUUKbF9SUVoULnwPU+YBrZQsLBYz0wCgYIKoZIzj0EAwIw\\nfTELMAkGA1UEBhMCVVMxEzARBgNVBAgTCkNhbGlmb3JuaWExFjAUBgNVBAcTDVNh\\nbiBGcmFuY2lzY28xHjAcBgNVBAoTFUxvcmRzaGlyZS5leGFtcGxlLmNvbTEhMB8G\\nA1UEAxMYY2EuTG9yZHNoaXJlLmV4YW1wbGUuY29tMB4XDTE5MDgyNzEwMTcwMFoX\\nDTIwMDgyNjEwMjIwMFowITEPMA0GA1UECxMGY2xpZW50MQ4wDAYDVQQDEwVhZG1p\\nbjBZMBMGByqGSM49AgEGCCqGSM49AwEHA0IABMAcOjlhYqpDTwnWB/E+MUR1h9hg\\n5alSFlxLHzmafRsFnc/32MpYFm+VVVxTQ+aRe2OPWfVF5+lWv76zk1or+gOjbDBq\\nMA4GA1UdDwEB/wQEAwIHgDAMBgNVHRMBAf8EAjAAMB0GA1UdDgQWBBQ2LayFkbSS\\nxTfj6AE2sE3+r/XVaTArBgNVHSMEJDAigCD1gaFt8yX7PB4Z/Thz9cVjZBsCRb0E\\nS0xhcFVqmWlEszAKBggqhkjOPQQDAgNIADBFAiEA8O+L23F8lbYWmelu4OkJQ+rj\\n3p7RO6M3TvSjFIopJ/YCIHjdYocrJYgP01gGsPOfgJr6Rt4l+MqimephAW37rTJF\\n-----END CERTIFICATE-----\\n',
  privateKey: '-----BEGIN PRIVATE KEY-----\\r\\nMIGHAgEAMBMGByqGSM49AgEGCCqGSM49AwEHBG0wawIBAQQgaiQCyFu0tjDMcsWA\\r\\nB6iEyL3RrgxWZ9IhejzHO15cYmihRANCAATAHDo5YWKqQ08J1gfxPjFEdYfYYOWp\\r\\nUhZcSx85mn0bBZ3P99jKWBZvlVVcU0PmkXtjj1n1RefpVr++s5NaK/oD\\r\\n-----END PRIVATE KEY-----\\r\\n',
  orgName: 'Lordshire',
  userName: 'Rohit1',
  'Content-Type': 'application/x-www-form-urlencoded' }
{ studentId: '1',
  type: 'X509',
  mspId: 'LordshireMSP',
  certificate: '-----BEGIN CERTIFICATE-----\\nMIICDDCCAbKgAwIBAgIUUKbF9SUVoULnwPU+YBrZQsLBYz0wCgYIKoZIzj0EAwIw\\nfTELMAkGA1UEBhMCVVMxEzARBgNVBAgTCkNhbGlmb3JuaWExFjAUBgNVBAcTDVNh\\nbiBGcmFuY2lzY28xHjAcBgNVBAoTFUxvcmRzaGlyZS5leGFtcGxlLmNvbTEhMB8G\\nA1UEAxMYY2EuTG9yZHNoaXJlLmV4YW1wbGUuY29tMB4XDTE5MDgyNzEwMTcwMFoX\\nDTIwMDgyNjEwMjIwMFowITEPMA0GA1UECxMGY2xpZW50MQ4wDAYDVQQDEwVhZG1p\\nbjBZMBMGByqGSM49AgEGCCqGSM49AwEHA0IABMAcOjlhYqpDTwnWB/E+MUR1h9hg\\n5alSFlxLHzmafRsFnc/32MpYFm+VVVxTQ+aRe2OPWfVF5+lWv76zk1or+gOjbDBq\\nMA4GA1UdDwEB/wQEAwIHgDAMBgNVHRMBAf8EAjAAMB0GA1UdDgQWBBQ2LayFkbSS\\nxTfj6AE2sE3+r/XVaTArBgNVHSMEJDAigCD1gaFt8yX7PB4Z/Thz9cVjZBsCRb0E\\nS0xhcFVqmWlEszAKBggqhkjOPQQDAgNIADBFAiEA8O+L23F8lbYWmelu4OkJQ+rj\\n3p7RO6M3TvSjFIopJ/YCIHjdYocrJYgP01gGsPOfgJr6Rt4l+MqimephAW37rTJF\\n-----END CERTIFICATE-----\\n',
  privateKey: '-----BEGIN PRIVATE KEY-----\\r\\nMIGHAgEAMBMGByqGSM49AgEGCCqGSM49AwEHBG0wawIBAQQgaiQCyFu0tjDMcsWA\\r\\nB6iEyL3RrgxWZ9IhejzHO15cYmihRANCAATAHDo5YWKqQ08J1gfxPjFEdYfYYOWp\\r\\nUhZcSx85mn0bBZ3P99jKWBZvlVVcU0PmkXtjj1n1RefpVr++s5NaK/oD\\r\\n-----END PRIVATE KEY-----\\r\\n',
  orgName: 'Lordshire',
  userName: 'Rohit1',
  'Content-Type': 'application/x-www-form-urlencoded' }
Aya
{ 'Content-Type': 'application/x-www-form-urlencoded; charset=UTF-8',
  certificate: '-----BEGIN CERTIFICATE-----\\nMIICDDCCAbKgAwIBAgIUUKbF9SUVoULnwPU+YBrZQsLBYz0wCgYIKoZIzj0EAwIw\\nfTELMAkGA1UEBhMCVVMxEzARBgNVBAgTCkNhbGlmb3JuaWExFjAUBgNVBAcTDVNh\\nbiBGcmFuY2lzY28xHjAcBgNVBAoTFUxvcmRzaGlyZS5leGFtcGxlLmNvbTEhMB8G\\nA1UEAxMYY2EuTG9yZHNoaXJlLmV4YW1wbGUuY29tMB4XDTE5MDgyNzEwMTcwMFoX\\nDTIwMDgyNjEwMjIwMFowITEPMA0GA1UECxMGY2xpZW50MQ4wDAYDVQQDEwVhZG1p\\nbjBZMBMGByqGSM49AgEGCCqGSM49AwEHA0IABMAcOjlhYqpDTwnWB/E+MUR1h9hg\\n5alSFlxLHzmafRsFnc/32MpYFm+VVVxTQ+aRe2OPWfVF5+lWv76zk1or+gOjbDBq\\nMA4GA1UdDwEB/wQEAwIHgDAMBgNVHRMBAf8EAjAAMB0GA1UdDgQWBBQ2LayFkbSS\\nxTfj6AE2sE3+r/XVaTArBgNVHSMEJDAigCD1gaFt8yX7PB4Z/Thz9cVjZBsCRb0E\\nS0xhcFVqmWlEszAKBggqhkjOPQQDAgNIADBFAiEA8O+L23F8lbYWmelu4OkJQ+rj\\n3p7RO6M3TvSjFIopJ/YCIHjdYocrJYgP01gGsPOfgJr6Rt4l+MqimephAW37rTJF\\n-----END CERTIFICATE-----\\n',
  mspId: 'LordshireMSP',
  orgName: 'Lordshire',
  privateKey: '-----BEGIN PRIVATE KEY-----\r\nMIGHAgEAMBMGByqGSM49AgEGCCqGSM49AwEHBG0wawIBAQQgQhNnd5g9e6/hjVrx\r\n9B9rO+BzmVlQBVuDRG7ID2Xm6WihRANCAARG+ZOTzrUL4vg7AYsPQdCfA0oU5Vkv\r\nIo8H7/xe2/EYIaJjS7xr19ne843Bahj71nyWunpmKkHxqulBF/0/czLC\r\n-----END PRIVATE KEY-----\r\n',
  type: '-----BEGIN PRIVATE KEY-----\r\nMIGHAgEAMBMGByqGSM49AgEGCCqGSM49AwEHBG0wawIBAQQgQhNnd5g9e6/hjVrx\r\n9B9rO+BzmVlQBVuDRG7ID2Xm6WihRANCAARG+ZOTzrUL4vg7AYsPQdCfA0oU5Vkv\r\nIo8H7/xe2/EYIaJjS7xr19ne843Bahj71nyWunpmKkHxqulBF/0/czLC\r\n-----END PRIVATE KEY-----\r\n',
  userName: 'x',
  wallet_type: 'Student',
  studentId: '-----BEGIN CERTIFICATE-----\\nMIICDDCCAbKgAwIBAgIUUKbF9SUVoULnwPU+YBrZQsLBYz0wCgYIKoZIzj0EAwIw\\nfTELMAkGA1UEBhMCVVMxEzARBgNVBAgTCkNhbGlmb3JuaWExFjAUBgNVBAcTDVNh\\nbiBGcmFuY2lzY28xHjAcBgNVBAoTFUxvcmRzaGlyZS5leGFtcGxlLmNvbTEhMB8G\\nA1UEAxMYY2EuTG9yZHNoaXJlLmV4YW1wbGUuY29tMB4XDTE5MDgyNzEwMTcwMFoX\\nDTIwMDgyNjEwMjIwMFowITEPMA0GA1UECxMGY2xpZW50MQ4wDAYDVQQDEwVhZG1p\\nbjBZMBMGByqGSM49AgEGCCqGSM49AwEHA0IABMAcOjlhYqpDTwnWB/E+MUR1h9hg\\n5alSFlxLHzmafRsFnc/32MpYFm+VVVxTQ+aRe2OPWfVF5+lWv76zk1or+gOjbDBq\\nMA4GA1UdDwEB/wQEAwIHgDAMBgNVHRMBAf8EAjAAMB0GA1UdDgQWBBQ2LayFkbSS\\nxTfj6AE2sE3+r/XVaTArBgNVHSMEJDAigCD1gaFt8yX7PB4Z/Thz9cVjZBsCRb0E\\nS0xhcFVqmWlEszAKBggqhkjOPQQDAgNIADBFAiEA8O+L23F8lbYWmelu4OkJQ+rj\\n3p7RO6M3TvSjFIopJ/YCIHjdYocrJYgP01gGsPOfgJr6Rt4l+MqimephAW37rTJF\\n-----END CERTIFICATE-----\\n' }
{ 'Content-Type': 'application/x-www-form-urlencoded; charset=UTF-8',
  certificate: '-----BEGIN CERTIFICATE-----\\nMIICDDCCAbKgAwIBAgIUUKbF9SUVoULnwPU+YBrZQsLBYz0wCgYIKoZIzj0EAwIw\\nfTELMAkGA1UEBhMCVVMxEzARBgNVBAgTCkNhbGlmb3JuaWExFjAUBgNVBAcTDVNh\\nbiBGcmFuY2lzY28xHjAcBgNVBAoTFUxvcmRzaGlyZS5leGFtcGxlLmNvbTEhMB8G\\nA1UEAxMYY2EuTG9yZHNoaXJlLmV4YW1wbGUuY29tMB4XDTE5MDgyNzEwMTcwMFoX\\nDTIwMDgyNjEwMjIwMFowITEPMA0GA1UECxMGY2xpZW50MQ4wDAYDVQQDEwVhZG1p\\nbjBZMBMGByqGSM49AgEGCCqGSM49AwEHA0IABMAcOjlhYqpDTwnWB/E+MUR1h9hg\\n5alSFlxLHzmafRsFnc/32MpYFm+VVVxTQ+aRe2OPWfVF5+lWv76zk1or+gOjbDBq\\nMA4GA1UdDwEB/wQEAwIHgDAMBgNVHRMBAf8EAjAAMB0GA1UdDgQWBBQ2LayFkbSS\\nxTfj6AE2sE3+r/XVaTArBgNVHSMEJDAigCD1gaFt8yX7PB4Z/Thz9cVjZBsCRb0E\\nS0xhcFVqmWlEszAKBggqhkjOPQQDAgNIADBFAiEA8O+L23F8lbYWmelu4OkJQ+rj\\n3p7RO6M3TvSjFIopJ/YCIHjdYocrJYgP01gGsPOfgJr6Rt4l+MqimephAW37rTJF\\n-----END CERTIFICATE-----\\n',
  mspId: 'LordshireMSP',
  orgName: 'Lordshire',
  privateKey: '-----BEGIN PRIVATE KEY-----\r\nMIGHAgEAMBMGByqGSM49AgEGCCqGSM49AwEHBG0wawIBAQQgQhNnd5g9e6/hjVrx\r\n9B9rO+BzmVlQBVuDRG7ID2Xm6WihRANCAARG+ZOTzrUL4vg7AYsPQdCfA0oU5Vkv\r\nIo8H7/xe2/EYIaJjS7xr19ne843Bahj71nyWunpmKkHxqulBF/0/czLC\r\n-----END PRIVATE KEY-----\r\n',
  type: '-----BEGIN PRIVATE KEY-----\r\nMIGHAgEAMBMGByqGSM49AgEGCCqGSM49AwEHBG0wawIBAQQgQhNnd5g9e6/hjVrx\r\n9B9rO+BzmVlQBVuDRG7ID2Xm6WihRANCAARG+ZOTzrUL4vg7AYsPQdCfA0oU5Vkv\r\nIo8H7/xe2/EYIaJjS7xr19ne843Bahj71nyWunpmKkHxqulBF/0/czLC\r\n-----END PRIVATE KEY-----\r\n',
  userName: 'x',
  wallet_type: 'Student',
  studentId: '-----BEGIN CERTIFICATE-----\\nMIICDDCCAbKgAwIBAgIUUKbF9SUVoULnwPU+YBrZQsLBYz0wCgYIKoZIzj0EAwIw\\nfTELMAkGA1UEBhMCVVMxEzARBgNVBAgTCkNhbGlmb3JuaWExFjAUBgNVBAcTDVNh\\nbiBGcmFuY2lzY28xHjAcBgNVBAoTFUxvcmRzaGlyZS5leGFtcGxlLmNvbTEhMB8G\\nA1UEAxMYY2EuTG9yZHNoaXJlLmV4YW1wbGUuY29tMB4XDTE5MDgyNzEwMTcwMFoX\\nDTIwMDgyNjEwMjIwMFowITEPMA0GA1UECxMGY2xpZW50MQ4wDAYDVQQDEwVhZG1p\\nbjBZMBMGByqGSM49AgEGCCqGSM49AwEHA0IABMAcOjlhYqpDTwnWB/E+MUR1h9hg\\n5alSFlxLHzmafRsFnc/32MpYFm+VVVxTQ+aRe2OPWfVF5+lWv76zk1or+gOjbDBq\\nMA4GA1UdDwEB/wQEAwIHgDAMBgNVHRMBAf8EAjAAMB0GA1UdDgQWBBQ2LayFkbSS\\nxTfj6AE2sE3+r/XVaTArBgNVHSMEJDAigCD1gaFt8yX7PB4Z/Thz9cVjZBsCRb0E\\nS0xhcFVqmWlEszAKBggqhkjOPQQDAgNIADBFAiEA8O+L23F8lbYWmelu4OkJQ+rj\\n3p7RO6M3TvSjFIopJ/YCIHjdYocrJYgP01gGsPOfgJr6Rt4l+MqimephAW37rTJF\\n-----END CERTIFICATE-----\\n' }
App listening on port 3000!
{ studentId: '1',
  type: 'X509',
  mspId: 'LordshireMSP',
  certificate: '-----BEGIN CERTIFICATE-----\\nMIICDDCCAbKgAwIBAgIUUKbF9SUVoULnwPU+YBrZQsLBYz0wCgYIKoZIzj0EAwIw\\nfTELMAkGA1UEBhMCVVMxEzARBgNVBAgTCkNhbGlmb3JuaWExFjAUBgNVBAcTDVNh\\nbiBGcmFuY2lzY28xHjAcBgNVBAoTFUxvcmRzaGlyZS5leGFtcGxlLmNvbTEhMB8G\\nA1UEAxMYY2EuTG9yZHNoaXJlLmV4YW1wbGUuY29tMB4XDTE5MDgyNzEwMTcwMFoX\\nDTIwMDgyNjEwMjIwMFowITEPMA0GA1UECxMGY2xpZW50MQ4wDAYDVQQDEwVhZG1p\\nbjBZMBMGByqGSM49AgEGCCqGSM49AwEHA0IABMAcOjlhYqpDTwnWB/E+MUR1h9hg\\n5alSFlxLHzmafRsFnc/32MpYFm+VVVxTQ+aRe2OPWfVF5+lWv76zk1or+gOjbDBq\\nMA4GA1UdDwEB/wQEAwIHgDAMBgNVHRMBAf8EAjAAMB0GA1UdDgQWBBQ2LayFkbSS\\nxTfj6AE2sE3+r/XVaTArBgNVHSMEJDAigCD1gaFt8yX7PB4Z/Thz9cVjZBsCRb0E\\nS0xhcFVqmWlEszAKBggqhkjOPQQDAgNIADBFAiEA8O+L23F8lbYWmelu4OkJQ+rj\\n3p7RO6M3TvSjFIopJ/YCIHjdYocrJYgP01gGsPOfgJr6Rt4l+MqimephAW37rTJF\\n-----END CERTIFICATE-----\\n',
  privateKey: '-----BEGIN PRIVATE KEY-----\\r\\nMIGHAgEAMBMGByqGSM49AgEGCCqGSM49AwEHBG0wawIBAQQgaiQCyFu0tjDMcsWA\\r\\nB6iEyL3RrgxWZ9IhejzHO15cYmihRANCAATAHDo5YWKqQ08J1gfxPjFEdYfYYOWp\\r\\nUhZcSx85mn0bBZ3P99jKWBZvlVVcU0PmkXtjj1n1RefpVr++s5NaK/oD\\r\\n-----END PRIVATE KEY-----\\r\\n',
  orgName: 'Lordshire',
  userName: 'Rohit1',
  'Content-Type': 'application/x-www-form-urlencoded' }
App listening on port 3000!
private_key -----BEGIN PRIVATE KEY-----\r\nMIGHAgEAMBMGByqGSM49AgEGCCqGSM49AwEHBG0wawIBAQQgaiQCyFu0tjDMcsWA\r\nB6iEyL3RrgxWZ9IhejzHO15cYmihRANCAATAHDo5YWKqQ08J1gfxPjFEdYfYYOWp\r\nUhZcSx85mn0bBZ3P99jKWBZvlVVcU0PmkXtjj1n1RefpVr++s5NaK/oD\r\n-----END PRIVATE KEY-----\r\n
private_key -----BEGIN PRIVATE KEY-----
MIGHAgEAMBMGByqGSM49AgEGCCqGSM49AwEHBG0wawIBAQQgQhNnd5g9e6/hjVrx
9B9rO+BzmVlQBVuDRG7ID2Xm6WihRANCAARG+ZOTzrUL4vg7AYsPQdCfA0oU5Vkv
Io8H7/xe2/EYIaJjS7xr19ne843Bahj71nyWunpmKkHxqulBF/0/czLC
-----END PRIVATE KEY-----

App listening on port 3000!
App listening on port 3000!
App listening on port 3000!
{ studentId: '1',
  type: 'X509',
  mspId: 'LordshireMSP',
  certificate: '-----BEGIN CERTIFICATE-----\\nMIICDDCCAbKgAwIBAgIUUKbF9SUVoULnwPU+YBrZQsLBYz0wCgYIKoZIzj0EAwIw\\nfTELMAkGA1UEBhMCVVMxEzARBgNVBAgTCkNhbGlmb3JuaWExFjAUBgNVBAcTDVNh\\nbiBGcmFuY2lzY28xHjAcBgNVBAoTFUxvcmRzaGlyZS5leGFtcGxlLmNvbTEhMB8G\\nA1UEAxMYY2EuTG9yZHNoaXJlLmV4YW1wbGUuY29tMB4XDTE5MDgyNzEwMTcwMFoX\\nDTIwMDgyNjEwMjIwMFowITEPMA0GA1UECxMGY2xpZW50MQ4wDAYDVQQDEwVhZG1p\\nbjBZMBMGByqGSM49AgEGCCqGSM49AwEHA0IABMAcOjlhYqpDTwnWB/E+MUR1h9hg\\n5alSFlxLHzmafRsFnc/32MpYFm+VVVxTQ+aRe2OPWfVF5+lWv76zk1or+gOjbDBq\\nMA4GA1UdDwEB/wQEAwIHgDAMBgNVHRMBAf8EAjAAMB0GA1UdDgQWBBQ2LayFkbSS\\nxTfj6AE2sE3+r/XVaTArBgNVHSMEJDAigCD1gaFt8yX7PB4Z/Thz9cVjZBsCRb0E\\nS0xhcFVqmWlEszAKBggqhkjOPQQDAgNIADBFAiEA8O+L23F8lbYWmelu4OkJQ+rj\\n3p7RO6M3TvSjFIopJ/YCIHjdYocrJYgP01gGsPOfgJr6Rt4l+MqimephAW37rTJF\\n-----END CERTIFICATE-----\\n',
  privateKey: '-----BEGIN PRIVATE KEY-----\\r\\nMIGHAgEAMBMGByqGSM49AgEGCCqGSM49AwEHBG0wawIBAQQgaiQCyFu0tjDMcsWA\\r\\nB6iEyL3RrgxWZ9IhejzHO15cYmihRANCAATAHDo5YWKqQ08J1gfxPjFEdYfYYOWp\\r\\nUhZcSx85mn0bBZ3P99jKWBZvlVVcU0PmkXtjj1n1RefpVr++s5NaK/oD\\r\\n-----END PRIVATE KEY-----\\r\\n',
  orgName: 'Lordshire',
  userName: 'Rohit1',
  'Content-Type': 'application/x-www-form-urlencoded' }
App listening on port 3000!
Privdodfgjdfijgdfijg -----BEGIN PRIVATE KEY-----\r\nMIGHAgEAMBMGByqGSM49AgEGCCqGSM49AwEHBG0wawIBAQQgaiQCyFu0tjDMcsWA\r\nB6iEyL3RrgxWZ9IhejzHO15cYmihRANCAATAHDo5YWKqQ08J1gfxPjFEdYfYYOWp\r\nUhZcSx85mn0bBZ3P99jKWBZvlVVcU0PmkXtjj1n1RefpVr++s5NaK/oD\r\n-----END PRIVATE KEY-----\r\n
Privdodfgjdfijgdfijg -----BEGIN PRIVATE KEY-----
MIGHAgEAMBMGByqGSM49AgEGCCqGSM49AwEHBG0wawIBAQQgQhNnd5g9e6/hjVrx
9B9rO+BzmVlQBVuDRG7ID2Xm6WihRANCAARG+ZOTzrUL4vg7AYsPQdCfA0oU5Vkv
Io8H7/xe2/EYIaJjS7xr19ne843Bahj71nyWunpmKkHxqulBF/0/czLC
-----END PRIVATE KEY-----

App listening on port 3000!
Privdodfgjdfijgdfijg undefined
App listening on port 3000!
App listening on port 3000!
wallet imported
wallet imported
Add vehicle called!
Add vehicle called!
wallet imported
{ type: 'X509',
  mspId: 'LordshireMSP',
  certificate: '-----BEGIN CERTIFICATE-----\nMIICqTCCAk+gAwIBAgIUQBit6hBmWxrPRJPAmNUult3HiQ0wCgYIKoZIzj0EAwIw\nfTELMAkGA1UEBhMCVVMxEzARBgNVBAgTCkNhbGlmb3JuaWExFjAUBgNVBAcTDVNh\nbiBGcmFuY2lzY28xHjAcBgNVBAoTFUxvcmRzaGlyZS5leGFtcGxlLmNvbTEhMB8G\nA1UEAxMYY2EuTG9yZHNoaXJlLmV4YW1wbGUuY29tMB4XDTE5MDgyOTA1MDYwMFoX\nDTIwMDgyODA1MTEwMFowSjEwMA0GA1UECxMGY2xpZW50MAsGA1UECxMEb3JnMTAS\nBgNVBAsTC2RlcGFydG1lbnQxMRYwFAYDVQQDDA1Db2xsZWdlX3VzZXIxMFkwEwYH\nKoZIzj0CAQYIKoZIzj0DAQcDQgAEvzrMs3RPY6j0kqSaYiPMkulBHRctHktjs/U1\nVrnsOhiC4Nw4FCA824eAHS+JMkczSG0SXxtdjU6kxJNL7b7RrKOB3zCB3DAOBgNV\nHQ8BAf8EBAMCB4AwDAYDVR0TAQH/BAIwADAdBgNVHQ4EFgQU0et71RnV2b7ETumX\nlcXRPJR/u0gwKwYDVR0jBCQwIoAg9YGhbfMl+zweGf04c/XFY2QbAkW9BEtMYXBV\naplpRLMwcAYIKgMEBQYHCAEEZHsiYXR0cnMiOnsiaGYuQWZmaWxpYXRpb24iOiJv\ncmcxLmRlcGFydG1lbnQxIiwiaGYuRW5yb2xsbWVudElEIjoiQ29sbGVnZV91c2Vy\nMSIsImhmLlR5cGUiOiJjbGllbnQifX0wCgYIKoZIzj0EAwIDSAAwRQIhAMghETdV\nfggoDMU/C3Fc8hZj8qHc+hIG82QaJKgGX4orAiAVLg9IOwEXhIEk/sJbugTsNJ2U\nBqw8/B5PJPX9w511pg==\n-----END CERTIFICATE-----\n',
  privateKey: '-----BEGIN PRIVATE KEY-----\r\nMIGHAgEAMBMGByqGSM49AgEGCCqGSM49AwEHBG0wawIBAQQgC3l9GWfSEclvLaJh\r\nWQhsbM/vlEfDvguhiF/t+K/7mMehRANCAAS/OsyzdE9jqPSSpJpiI8yS6UEdFy0e\r\nS2Oz9TVWuew6GILg3DgUIDzbh4AdL4kyRzNIbRJfG12NTqTEk0vtvtGs\r\n-----END PRIVATE KEY-----\r\n',
  orgName: 'Lordshire',
  userName: 'Kunal1' }
{ studentName: 'Kunal1',
  sex: 'M',
  age: '22',
  contactNumber: '9783365925',
  address: 'Test address',
  type: 'X509',
  mspid: 'LordshireMSP',
  certificate: '-----BEGIN CERTIFICATE-----\\nMIICqTCCAk+gAwIBAgIUQBit6hBmWxrPRJPAmNUult3HiQ0wCgYIKoZIzj0EAwIw\\nfTELMAkGA1UEBhMCVVMxEzARBgNVBAgTCkNhbGlmb3JuaWExFjAUBgNVBAcTDVNh\\nbiBGcmFuY2lzY28xHjAcBgNVBAoTFUxvcmRzaGlyZS5leGFtcGxlLmNvbTEhMB8G\\nA1UEAxMYY2EuTG9yZHNoaXJlLmV4YW1wbGUuY29tMB4XDTE5MDgyOTA1MDYwMFoX\\nDTIwMDgyODA1MTEwMFowSjEwMA0GA1UECxMGY2xpZW50MAsGA1UECxMEb3JnMTAS\\nBgNVBAsTC2RlcGFydG1lbnQxMRYwFAYDVQQDDA1Db2xsZWdlX3VzZXIxMFkwEwYH\\nKoZIzj0CAQYIKoZIzj0DAQcDQgAEvzrMs3RPY6j0kqSaYiPMkulBHRctHktjs/U1\\nVrnsOhiC4Nw4FCA824eAHS+JMkczSG0SXxtdjU6kxJNL7b7RrKOB3zCB3DAOBgNV\\nHQ8BAf8EBAMCB4AwDAYDVR0TAQH/BAIwADAdBgNVHQ4EFgQU0et71RnV2b7ETumX\\nlcXRPJR/u0gwKwYDVR0jBCQwIoAg9YGhbfMl+zweGf04c/XFY2QbAkW9BEtMYXBV\\naplpRLMwcAYIKgMEBQYHCAEEZHsiYXR0cnMiOnsiaGYuQWZmaWxpYXRpb24iOiJv\\ncmcxLmRlcGFydG1lbnQxIiwiaGYuRW5yb2xsbWVudElEIjoiQ29sbGVnZV91c2Vy\\nMSIsImhmLlR5cGUiOiJjbGllbnQifX0wCgYIKoZIzj0EAwIDSAAwRQIhAMghETdV\\nfggoDMU/C3Fc8hZj8qHc+hIG82QaJKgGX4orAiAVLg9IOwEXhIEk/sJbugTsNJ2U\\nBqw8/B5PJPX9w511pg==\\n-----END CERTIFICATE-----\\n',
  privatekey: '-----BEGIN PRIVATE KEY-----\\r\\nMIGHAgEAMBMGByqGSM49AgEGCCqGSM49AwEHBG0wawIBAQQgC3l9GWfSEclvLaJh\\r\\nWQhsbM/vlEfDvguhiF/t+K/7mMehRANCAAS/OsyzdE9jqPSSpJpiI8yS6UEdFy0e\\r\\nS2Oz9TVWuew6GILg3DgUIDzbh4AdL4kyRzNIbRJfG12NTqTEk0vtvtGs\\r\\n-----END PRIVATE KEY-----\\r\\n',
  orgname: 'Lordshire',
  username: 'Kunal1' }
error in user identity
wallet imported
wallet imported
App listening on port 3000!
{}
App listening on port 3000!
{ orgname: 'Lordshire',
  username: 'Rohit2',
  gender: [ 'M', 'M' ],
  dob: '12/5/1997',
  contact: '9783365925',
  address: 'Test' }
App listening on port 3000!
Add vehicle called!
wallet imported
{ type: 'X509',
  mspId: 'LordshireMSP',
  certificate: '-----BEGIN CERTIFICATE-----\nMIICmzCCAkGgAwIBAgIUVdTTmE2NcIpo7HDIz8oyCTJ3qJ0wCgYIKoZIzj0EAwIw\nfTELMAkGA1UEBhMCVVMxEzARBgNVBAgTCkNhbGlmb3JuaWExFjAUBgNVBAcTDVNh\nbiBGcmFuY2lzY28xHjAcBgNVBAoTFUxvcmRzaGlyZS5leGFtcGxlLmNvbTEhMB8G\nA1UEAxMYY2EuTG9yZHNoaXJlLmV4YW1wbGUuY29tMB4XDTE5MDgzMDA3MjAwMFoX\nDTIwMDgyOTA3MjUwMFowQzEwMA0GA1UECxMGY2xpZW50MAsGA1UECxMEb3JnMTAS\nBgNVBAsTC2RlcGFydG1lbnQxMQ8wDQYDVQQDEwZSb2hpdDIwWTATBgcqhkjOPQIB\nBggqhkjOPQMBBwNCAATVLtLl7YgJQgTsjQyxLVObhnmd4qechWB/94Zu76WCi7aH\n8cggRNG79sLDWjT/W4MJ2pUSMc7QtaXajABKSGP1o4HYMIHVMA4GA1UdDwEB/wQE\nAwIHgDAMBgNVHRMBAf8EAjAAMB0GA1UdDgQWBBTdy/mAqMMhsOrFg5XPBhHa9dbn\npjArBgNVHSMEJDAigCD1gaFt8yX7PB4Z/Thz9cVjZBsCRb0ES0xhcFVqmWlEszBp\nBggqAwQFBgcIAQRdeyJhdHRycyI6eyJoZi5BZmZpbGlhdGlvbiI6Im9yZzEuZGVw\nYXJ0bWVudDEiLCJoZi5FbnJvbGxtZW50SUQiOiJSb2hpdDIiLCJoZi5UeXBlIjoi\nY2xpZW50In19MAoGCCqGSM49BAMCA0gAMEUCIQCjud40oZpdQ65K66cuvUcFjAgI\nziUXvWqmlhO4gQtKjgIgCPwP0OfXK/YR7gfYmsrnWSoEuqqVakhLbO1Me79rLH8=\n-----END CERTIFICATE-----\n',
  privateKey: '-----BEGIN PRIVATE KEY-----\r\nMIGHAgEAMBMGByqGSM49AgEGCCqGSM49AwEHBG0wawIBAQQgUQn+Qt0pG3o4+wyo\r\nwIJNuOyGMIifiRd9DoK+nCGuBXyhRANCAATVLtLl7YgJQgTsjQyxLVObhnmd4qec\r\nhWB/94Zu76WCi7aH8cggRNG79sLDWjT/W4MJ2pUSMc7QtaXajABKSGP1\r\n-----END PRIVATE KEY-----\r\n',
  orgName: 'Lordshire',
  userName: 'Kunal1' }
{ studentName: 'Kunal1',
  sex: 'M',
  age: '22',
  contactNumber: '9783365925',
  address: 'Test address',
  type: 'X509',
  mspid: 'LordshireMSP',
  certificate: '-----BEGIN CERTIFICATE-----\\nMIICmzCCAkGgAwIBAgIUVdTTmE2NcIpo7HDIz8oyCTJ3qJ0wCgYIKoZIzj0EAwIw\\nfTELMAkGA1UEBhMCVVMxEzARBgNVBAgTCkNhbGlmb3JuaWExFjAUBgNVBAcTDVNh\\nbiBGcmFuY2lzY28xHjAcBgNVBAoTFUxvcmRzaGlyZS5leGFtcGxlLmNvbTEhMB8G\\nA1UEAxMYY2EuTG9yZHNoaXJlLmV4YW1wbGUuY29tMB4XDTE5MDgzMDA3MjAwMFoX\\nDTIwMDgyOTA3MjUwMFowQzEwMA0GA1UECxMGY2xpZW50MAsGA1UECxMEb3JnMTAS\\nBgNVBAsTC2RlcGFydG1lbnQxMQ8wDQYDVQQDEwZSb2hpdDIwWTATBgcqhkjOPQIB\\nBggqhkjOPQMBBwNCAATVLtLl7YgJQgTsjQyxLVObhnmd4qechWB/94Zu76WCi7aH\\n8cggRNG79sLDWjT/W4MJ2pUSMc7QtaXajABKSGP1o4HYMIHVMA4GA1UdDwEB/wQE\\nAwIHgDAMBgNVHRMBAf8EAjAAMB0GA1UdDgQWBBTdy/mAqMMhsOrFg5XPBhHa9dbn\\npjArBgNVHSMEJDAigCD1gaFt8yX7PB4Z/Thz9cVjZBsCRb0ES0xhcFVqmWlEszBp\\nBggqAwQFBgcIAQRdeyJhdHRycyI6eyJoZi5BZmZpbGlhdGlvbiI6Im9yZzEuZGVw\\nYXJ0bWVudDEiLCJoZi5FbnJvbGxtZW50SUQiOiJSb2hpdDIiLCJoZi5UeXBlIjoi\\nY2xpZW50In19MAoGCCqGSM49BAMCA0gAMEUCIQCjud40oZpdQ65K66cuvUcFjAgI\\nziUXvWqmlhO4gQtKjgIgCPwP0OfXK/YR7gfYmsrnWSoEuqqVakhLbO1Me79rLH8=\\n-----END CERTIFICATE-----\\n',
  privatekey: '-----BEGIN PRIVATE KEY-----\\r\\nMIGHAgEAMBMGByqGSM49AgEGCCqGSM49AwEHBG0wawIBAQQgUQn+Qt0pG3o4+wyo\\r\\nwIJNuOyGMIifiRd9DoK+nCGuBXyhRANCAATVLtLl7YgJQgTsjQyxLVObhnmd4qec\\r\\nhWB/94Zu76WCi7aH8cggRNG79sLDWjT/W4MJ2pUSMc7QtaXajABKSGP1\\r\\n-----END PRIVATE KEY-----\\r\\n',
  orgname: 'Lordshire',
  username: 'Kunal1',
  studentId: '1abc' }
2019-08-30T07:26:47.443Z - [33mwarn[39m: [Transaction]: _validatePeerResponses: Received error response from peer: message=failed to execute transaction b76e713910bee790e87c710d56023ede2d3998ab61bc8b1dd652c509a8630181: error sending: txid: b76e713910bee790e87c710d56023ede2d3998ab61bc8b1dd652c509a8630181(mychannel) exists, stack=Error: failed to execute transaction b76e713910bee790e87c710d56023ede2d3998ab61bc8b1dd652c509a8630181: error sending: txid: b76e713910bee790e87c710d56023ede2d3998ab61bc8b1dd652c509a8630181(mychannel) exists
    at self._endorserClient.processProposal (/home/ubuntu/uniclarebc/client/node_modules/fabric-client/lib/Peer.js:140:36)
    at Object.onReceiveStatus (/home/ubuntu/uniclarebc/client/node_modules/grpc/src/client_interceptors.js:1207:9)
    at InterceptingListener._callNext (/home/ubuntu/uniclarebc/client/node_modules/grpc/src/client_interceptors.js:568:42)
    at InterceptingListener.onReceiveStatus (/home/ubuntu/uniclarebc/client/node_modules/grpc/src/client_interceptors.js:618:8)
    at callback (/home/ubuntu/uniclarebc/client/node_modules/grpc/src/client_interceptors.js:845:24), status=500, , url=grpc://localhost:7051, name=peer0.Student.example.com, grpc.max_receive_message_length=-1, grpc.max_send_message_length=-1, grpc.keepalive_time_ms=120000, grpc.http2.min_time_between_pings_ms=120000, grpc.keepalive_timeout_ms=20000, grpc.http2.max_pings_without_data=0, grpc.keepalive_permit_without_calls=1, name=peer0.Student.example.com, request-timeout=300000, isProposalResponse=true
2019-08-30T07:26:47.446Z - [33mwarn[39m: [Transaction]: _validatePeerResponses: Received error response from peer: message=failed to execute transaction b76e713910bee790e87c710d56023ede2d3998ab61bc8b1dd652c509a8630181: error sending: txid: b76e713910bee790e87c710d56023ede2d3998ab61bc8b1dd652c509a8630181(mychannel) exists, stack=Error: failed to execute transaction b76e713910bee790e87c710d56023ede2d3998ab61bc8b1dd652c509a8630181: error sending: txid: b76e713910bee790e87c710d56023ede2d3998ab61bc8b1dd652c509a8630181(mychannel) exists
    at self._endorserClient.processProposal (/home/ubuntu/uniclarebc/client/node_modules/fabric-client/lib/Peer.js:140:36)
    at Object.onReceiveStatus (/home/ubuntu/uniclarebc/client/node_modules/grpc/src/client_interceptors.js:1207:9)
    at InterceptingListener._callNext (/home/ubuntu/uniclarebc/client/node_modules/grpc/src/client_interceptors.js:568:42)
    at InterceptingListener.onReceiveStatus (/home/ubuntu/uniclarebc/client/node_modules/grpc/src/client_interceptors.js:618:8)
    at callback (/home/ubuntu/uniclarebc/client/node_modules/grpc/src/client_interceptors.js:845:24), status=500, , url=grpc://localhost:7051, name=peer0.College.example.com, grpc.max_receive_message_length=-1, grpc.max_send_message_length=-1, grpc.keepalive_time_ms=120000, grpc.http2.min_time_between_pings_ms=120000, grpc.keepalive_timeout_ms=20000, grpc.http2.max_pings_without_data=0, grpc.keepalive_permit_without_calls=1, name=peer0.College.example.com, request-timeout=300000, isProposalResponse=true
2019-08-30T07:26:47.448Z - [33mwarn[39m: [Transaction]: _validatePeerResponses: Received error response from peer: message=failed to execute transaction b76e713910bee790e87c710d56023ede2d3998ab61bc8b1dd652c509a8630181: error sending: txid: b76e713910bee790e87c710d56023ede2d3998ab61bc8b1dd652c509a8630181(mychannel) exists, stack=Error: failed to execute transaction b76e713910bee790e87c710d56023ede2d3998ab61bc8b1dd652c509a8630181: error sending: txid: b76e713910bee790e87c710d56023ede2d3998ab61bc8b1dd652c509a8630181(mychannel) exists
    at self._endorserClient.processProposal (/home/ubuntu/uniclarebc/client/node_modules/fabric-client/lib/Peer.js:140:36)
    at Object.onReceiveStatus (/home/ubuntu/uniclarebc/client/node_modules/grpc/src/client_interceptors.js:1207:9)
    at InterceptingListener._callNext (/home/ubuntu/uniclarebc/client/node_modules/grpc/src/client_interceptors.js:568:42)
    at InterceptingListener.onReceiveStatus (/home/ubuntu/uniclarebc/client/node_modules/grpc/src/client_interceptors.js:618:8)
    at callback (/home/ubuntu/uniclarebc/client/node_modules/grpc/src/client_interceptors.js:845:24), status=500, , url=grpc://localhost:7051, name=peer0.Employer.example.com, grpc.max_receive_message_length=-1, grpc.max_send_message_length=-1, grpc.keepalive_time_ms=120000, grpc.http2.min_time_between_pings_ms=120000, grpc.keepalive_timeout_ms=20000, grpc.http2.max_pings_without_data=0, grpc.keepalive_permit_without_calls=1, name=peer0.Employer.example.com, request-timeout=300000, isProposalResponse=true
Transaction has been submitted {"status":true,"data":{"studentId":"1abc"},"msg":"Student Added"}
wallet imported
wallet imported
wallet imported
wallet imported
wallet imported
wallet imported
wallet imported
wallet imported
App listening on port 3000!
wallet imported
wallet imported
wallet imported
2019-08-30T07:44:41.855Z - [33mwarn[39m: [Transaction]: _validatePeerResponses: Received error response from peer: message=failed to execute transaction 64c10bdbff5ec957a610bf3d073b015664cb64ca53a231d45a4c55e9eb44549d: error sending: txid: 64c10bdbff5ec957a610bf3d073b015664cb64ca53a231d45a4c55e9eb44549d(mychannel) exists, stack=Error: failed to execute transaction 64c10bdbff5ec957a610bf3d073b015664cb64ca53a231d45a4c55e9eb44549d: error sending: txid: 64c10bdbff5ec957a610bf3d073b015664cb64ca53a231d45a4c55e9eb44549d(mychannel) exists
    at self._endorserClient.processProposal (/home/ubuntu/uniclarebc/client/node_modules/fabric-client/lib/Peer.js:140:36)
    at Object.onReceiveStatus (/home/ubuntu/uniclarebc/client/node_modules/grpc/src/client_interceptors.js:1207:9)
    at InterceptingListener._callNext (/home/ubuntu/uniclarebc/client/node_modules/grpc/src/client_interceptors.js:568:42)
    at InterceptingListener.onReceiveStatus (/home/ubuntu/uniclarebc/client/node_modules/grpc/src/client_interceptors.js:618:8)
    at callback (/home/ubuntu/uniclarebc/client/node_modules/grpc/src/client_interceptors.js:845:24), status=500, , url=grpc://localhost:7051, name=peer0.Student.example.com, grpc.max_receive_message_length=-1, grpc.max_send_message_length=-1, grpc.keepalive_time_ms=120000, grpc.http2.min_time_between_pings_ms=120000, grpc.keepalive_timeout_ms=20000, grpc.http2.max_pings_without_data=0, grpc.keepalive_permit_without_calls=1, name=peer0.Student.example.com, request-timeout=300000, isProposalResponse=true
2019-08-30T07:44:41.859Z - [33mwarn[39m: [Transaction]: _validatePeerResponses: Received error response from peer: message=failed to execute transaction 64c10bdbff5ec957a610bf3d073b015664cb64ca53a231d45a4c55e9eb44549d: error sending: txid: 64c10bdbff5ec957a610bf3d073b015664cb64ca53a231d45a4c55e9eb44549d(mychannel) exists, stack=Error: failed to execute transaction 64c10bdbff5ec957a610bf3d073b015664cb64ca53a231d45a4c55e9eb44549d: error sending: txid: 64c10bdbff5ec957a610bf3d073b015664cb64ca53a231d45a4c55e9eb44549d(mychannel) exists
    at self._endorserClient.processProposal (/home/ubuntu/uniclarebc/client/node_modules/fabric-client/lib/Peer.js:140:36)
    at Object.onReceiveStatus (/home/ubuntu/uniclarebc/client/node_modules/grpc/src/client_interceptors.js:1207:9)
    at InterceptingListener._callNext (/home/ubuntu/uniclarebc/client/node_modules/grpc/src/client_interceptors.js:568:42)
    at InterceptingListener.onReceiveStatus (/home/ubuntu/uniclarebc/client/node_modules/grpc/src/client_interceptors.js:618:8)
    at callback (/home/ubuntu/uniclarebc/client/node_modules/grpc/src/client_interceptors.js:845:24), status=500, , url=grpc://localhost:7051, name=peer0.College.example.com, grpc.max_receive_message_length=-1, grpc.max_send_message_length=-1, grpc.keepalive_time_ms=120000, grpc.http2.min_time_between_pings_ms=120000, grpc.keepalive_timeout_ms=20000, grpc.http2.max_pings_without_data=0, grpc.keepalive_permit_without_calls=1, name=peer0.College.example.com, request-timeout=300000, isProposalResponse=true
2019-08-30T07:44:41.860Z - [33mwarn[39m: [Transaction]: _validatePeerResponses: Received error response from peer: message=failed to execute transaction 64c10bdbff5ec957a610bf3d073b015664cb64ca53a231d45a4c55e9eb44549d: error sending: txid: 64c10bdbff5ec957a610bf3d073b015664cb64ca53a231d45a4c55e9eb44549d(mychannel) exists, stack=Error: failed to execute transaction 64c10bdbff5ec957a610bf3d073b015664cb64ca53a231d45a4c55e9eb44549d: error sending: txid: 64c10bdbff5ec957a610bf3d073b015664cb64ca53a231d45a4c55e9eb44549d(mychannel) exists
    at self._endorserClient.processProposal (/home/ubuntu/uniclarebc/client/node_modules/fabric-client/lib/Peer.js:140:36)
    at Object.onReceiveStatus (/home/ubuntu/uniclarebc/client/node_modules/grpc/src/client_interceptors.js:1207:9)
    at InterceptingListener._callNext (/home/ubuntu/uniclarebc/client/node_modules/grpc/src/client_interceptors.js:568:42)
    at InterceptingListener.onReceiveStatus (/home/ubuntu/uniclarebc/client/node_modules/grpc/src/client_interceptors.js:618:8)
    at callback (/home/ubuntu/uniclarebc/client/node_modules/grpc/src/client_interceptors.js:845:24), status=500, , url=grpc://localhost:7051, name=peer0.Employer.example.com, grpc.max_receive_message_length=-1, grpc.max_send_message_length=-1, grpc.keepalive_time_ms=120000, grpc.http2.min_time_between_pings_ms=120000, grpc.keepalive_timeout_ms=20000, grpc.http2.max_pings_without_data=0, grpc.keepalive_permit_without_calls=1, name=peer0.Employer.example.com, request-timeout=300000, isProposalResponse=true
<Buffer 7b 22 73 74 61 74 75 73 22 3a 74 72 75 65 2c 22 64 61 74 61 22 3a 7b 7d 2c 22 6d 73 67 22 3a 22 44 65 67 72 65 65 20 69 73 73 75 65 64 21 22 7d>
wallet imported
wallet imported
wallet imported
wallet imported
wallet imported
wallet imported
wallet imported
wallet imported
wallet imported
wallet imported
wallet imported
wallet imported
wallet imported
wallet imported
wallet imported
wallet imported
wallet imported
wallet imported
wallet imported
wallet imported
wallet imported
wallet imported
wallet imported
wallet imported
wallet imported
wallet imported
wallet imported
wallet imported
wallet imported
wallet imported
wallet imported
wallet imported
App listening on port 3000!
wallet imported
wallet imported
wallet imported
wallet imported
wallet imported
wallet imported
wallet imported
wallet imported
wallet imported
wallet imported
wallet imported
wallet imported
wallet imported
wallet imported
App listening on port 3000!
TypeError: Assignment to constant variable.
    at Object.enrollUser (/home/ubuntu/uniclarebc/client/src/user.js:92:26)
    at <anonymous>
    at process._tickCallback (internal/process/next_tick.js:188:7)
TypeError: Assignment to constant variable.
    at Object.enrollUser (/home/ubuntu/uniclarebc/client/src/user.js:92:26)
    at <anonymous>
    at process._tickCallback (internal/process/next_tick.js:188:7)
App listening on port 3000!
Error: fabric-ca request register failed with errors [[{"code":0,"message":"Registration of 'Rohit4' failed: Identity 'Rohit4' is already registered"}]]
    at IncomingMessage.response.on (/home/ubuntu/uniclarebc/client/node_modules/fabric-client/node_modules/fabric-ca-client/lib/FabricCAClient.js:327:22)
    at emitNone (events.js:111:20)
    at IncomingMessage.emit (events.js:208:7)
    at endReadableNT (_stream_readable.js:1064:12)
    at _combinedTickCallback (internal/process/next_tick.js:138:11)
    at process._tickCallback (internal/process/next_tick.js:180:9)
wallet imported
wallet imported
wallet imported
wallet imported
wallet imported
wallet imported
App listening on port 3000!
wallet imported
wallet imported
wallet imported
wallet imported
wallet imported
wallet imported
wallet imported
wallet imported
wallet imported
wallet imported
wallet imported
wallet imported
wallet imported
wallet imported
wallet imported
wallet imported
wallet imported
wallet imported
wallet imported
wallet imported
wallet imported
wallet imported
wallet imported
wallet imported
wallet imported
wallet imported
wallet imported
wallet imported
wallet imported
wallet imported
Aya
Add vehicle called!
wallet imported
{ type: 'X509',
  mspId: 'LordshireMSP',
  certificate: '-----BEGIN CERTIFICATE-----\nMIICnjCCAkWgAwIBAgIUB8MLFBgeoamEmROV1Wo/X0VVUxMwCgYIKoZIzj0EAwIw\nfTELMAkGA1UEBhMCVVMxEzARBgNVBAgTCkNhbGlmb3JuaWExFjAUBgNVBAcTDVNh\nbiBGcmFuY2lzY28xHjAcBgNVBAoTFUxvcmRzaGlyZS5leGFtcGxlLmNvbTEhMB8G\nA1UEAxMYY2EuTG9yZHNoaXJlLmV4YW1wbGUuY29tMB4XDTE5MDgzMDExNDAwMFoX\nDTIwMDgyOTExNDUwMFowRTEwMA0GA1UECxMGY2xpZW50MAsGA1UECxMEb3JnMTAS\nBgNVBAsTC2RlcGFydG1lbnQxMREwDwYDVQQDEwhrdW5hbHRyeTBZMBMGByqGSM49\nAgEGCCqGSM49AwEHA0IABOXEP7z5R7gBE3iqjvd+N1GGfqxH3DCK05VfmH8hZ/mX\noe45wli7d192hcTL122z4UmFs7nrOVCJlyYHsSI3rkWjgdowgdcwDgYDVR0PAQH/\nBAQDAgeAMAwGA1UdEwEB/wQCMAAwHQYDVR0OBBYEFIQGF+id/RC716g1rUnzn8Op\nlQ9jMCsGA1UdIwQkMCKAIPWBoW3zJfs8Hhn9OHP1xWNkGwJFvQRLTGFwVWqZaUSz\nMGsGCCoDBAUGBwgBBF97ImF0dHJzIjp7ImhmLkFmZmlsaWF0aW9uIjoib3JnMS5k\nZXBhcnRtZW50MSIsImhmLkVucm9sbG1lbnRJRCI6Imt1bmFsdHJ5IiwiaGYuVHlw\nZSI6ImNsaWVudCJ9fTAKBggqhkjOPQQDAgNHADBEAiBsQ/rlAT5419ZeDZBirmae\nYliiCZ4cbWQNbw6z9MyQXwIgMPPH5y8y/mxzbxuSQCszq6QphZm63L32h744wDWn\ngvM=\n-----END CERTIFICATE-----\n',
  privateKey: '-----BEGIN PRIVATE KEY-----\r\nMIGHAgEAMBMGByqGSM49AgEGCCqGSM49AwEHBG0wawIBAQQgZgb4wld7yLlfL6dZ\r\nk3w65gU/+0Eub2s2ctJnihojwP+hRANCAATlxD+8+Ue4ARN4qo73fjdRhn6sR9ww\r\nitOVX5h/IWf5l6HuOcJYu3dfdoXEy9dts+FJhbO56zlQiZcmB7EiN65F\r\n-----END PRIVATE KEY-----\r\n',
  orgName: 'Lordshire',
  userName: 'kunaltry' }
{ certificate: '-----BEGIN CERTIFICATE-----\nMIICnjCCAkWgAwIBAgIUB8MLFBgeoamEmROV1Wo/X0VVUxMwCgYIKoZIzj0EAwIw\nfTELMAkGA1UEBhMCVVMxEzARBgNVBAgTCkNhbGlmb3JuaWExFjAUBgNVBAcTDVNh\nbiBGcmFuY2lzY28xHjAcBgNVBAoTFUxvcmRzaGlyZS5leGFtcGxlLmNvbTEhMB8G\nA1UEAxMYY2EuTG9yZHNoaXJlLmV4YW1wbGUuY29tMB4XDTE5MDgzMDExNDAwMFoX\nDTIwMDgyOTExNDUwMFowRTEwMA0GA1UECxMGY2xpZW50MAsGA1UECxMEb3JnMTAS\nBgNVBAsTC2RlcGFydG1lbnQxMREwDwYDVQQDEwhrdW5hbHRyeTBZMBMGByqGSM49\nAgEGCCqGSM49AwEHA0IABOXEP7z5R7gBE3iqjvd+N1GGfqxH3DCK05VfmH8hZ/mX\noe45wli7d192hcTL122z4UmFs7nrOVCJlyYHsSI3rkWjgdowgdcwDgYDVR0PAQH/\nBAQDAgeAMAwGA1UdEwEB/wQCMAAwHQYDVR0OBBYEFIQGF+id/RC716g1rUnzn8Op\nlQ9jMCsGA1UdIwQkMCKAIPWBoW3zJfs8Hhn9OHP1xWNkGwJFvQRLTGFwVWqZaUSz\nMGsGCCoDBAUGBwgBBF97ImF0dHJzIjp7ImhmLkFmZmlsaWF0aW9uIjoib3JnMS5k\nZXBhcnRtZW50MSIsImhmLkVucm9sbG1lbnRJRCI6Imt1bmFsdHJ5IiwiaGYuVHlw\nZSI6ImNsaWVudCJ9fTAKBggqhkjOPQQDAgNHADBEAiBsQ/rlAT5419ZeDZBirmae\nYliiCZ4cbWQNbw6z9MyQXwIgMPPH5y8y/mxzbxuSQCszq6QphZm63L32h744wDWn\ngvM=\n-----END CERTIFICATE-----\n',
  mspid: 'LordshireMSP',
  orgname: 'Lordshire',
  privatekey: '-----BEGIN PRIVATE KEY-----\r\nMIGHAgEAMBMGByqGSM49AgEGCCqGSM49AwEHBG0wawIBAQQgZgb4wld7yLlfL6dZ\r\nk3w65gU/+0Eub2s2ctJnihojwP+hRANCAATlxD+8+Ue4ARN4qo73fjdRhn6sR9ww\r\nitOVX5h/IWf5l6HuOcJYu3dfdoXEy9dts+FJhbO56zlQiZcmB7EiN65F\r\n-----END PRIVATE KEY-----\r\n',
  type: 'X509',
  username: 'kunaltry',
  wallet_type: 'Student',
  studentId: '-----BEGIN CERTIFICATE-----\nMIICnjCCAkWgAwIBAgIUB8MLFBgeoamEmROV1Wo/X0VVUxMwCgYIKoZIzj0EAwIw\nfTELMAkGA1UEBhMCVVMxEzARBgNVBAgTCkNhbGlmb3JuaWExFjAUBgNVBAcTDVNh\nbiBGcmFuY2lzY28xHjAcBgNVBAoTFUxvcmRzaGlyZS5leGFtcGxlLmNvbTEhMB8G\nA1UEAxMYY2EuTG9yZHNoaXJlLmV4YW1wbGUuY29tMB4XDTE5MDgzMDExNDAwMFoX\nDTIwMDgyOTExNDUwMFowRTEwMA0GA1UECxMGY2xpZW50MAsGA1UECxMEb3JnMTAS\nBgNVBAsTC2RlcGFydG1lbnQxMREwDwYDVQQDEwhrdW5hbHRyeTBZMBMGByqGSM49\nAgEGCCqGSM49AwEHA0IABOXEP7z5R7gBE3iqjvd+N1GGfqxH3DCK05VfmH8hZ/mX\noe45wli7d192hcTL122z4UmFs7nrOVCJlyYHsSI3rkWjgdowgdcwDgYDVR0PAQH/\nBAQDAgeAMAwGA1UdEwEB/wQCMAAwHQYDVR0OBBYEFIQGF+id/RC716g1rUnzn8Op\nlQ9jMCsGA1UdIwQkMCKAIPWBoW3zJfs8Hhn9OHP1xWNkGwJFvQRLTGFwVWqZaUSz\nMGsGCCoDBAUGBwgBBF97ImF0dHJzIjp7ImhmLkFmZmlsaWF0aW9uIjoib3JnMS5k\nZXBhcnRtZW50MSIsImhmLkVucm9sbG1lbnRJRCI6Imt1bmFsdHJ5IiwiaGYuVHlw\nZSI6ImNsaWVudCJ9fTAKBggqhkjOPQQDAgNHADBEAiBsQ/rlAT5419ZeDZBirmae\nYliiCZ4cbWQNbw6z9MyQXwIgMPPH5y8y/mxzbxuSQCszq6QphZm63L32h744wDWn\ngvM=\n-----END CERTIFICATE-----\n',
  sex: 'M',
  address: '1212',
  contactNumber: '1212',
  age: '1212' }
error in user identity
App listening on port 3000!
Add vehicle called!
wallet imported
{ type: 'X509',
  mspId: 'LordshireMSP',
  certificate: '-----BEGIN CERTIFICATE-----\nMIICnjCCAkWgAwIBAgIUB8MLFBgeoamEmROV1Wo/X0VVUxMwCgYIKoZIzj0EAwIw\nfTELMAkGA1UEBhMCVVMxEzARBgNVBAgTCkNhbGlmb3JuaWExFjAUBgNVBAcTDVNh\nbiBGcmFuY2lzY28xHjAcBgNVBAoTFUxvcmRzaGlyZS5leGFtcGxlLmNvbTEhMB8G\nA1UEAxMYY2EuTG9yZHNoaXJlLmV4YW1wbGUuY29tMB4XDTE5MDgzMDExNDAwMFoX\nDTIwMDgyOTExNDUwMFowRTEwMA0GA1UECxMGY2xpZW50MAsGA1UECxMEb3JnMTAS\nBgNVBAsTC2RlcGFydG1lbnQxMREwDwYDVQQDEwhrdW5hbHRyeTBZMBMGByqGSM49\nAgEGCCqGSM49AwEHA0IABOXEP7z5R7gBE3iqjvd+N1GGfqxH3DCK05VfmH8hZ/mX\noe45wli7d192hcTL122z4UmFs7nrOVCJlyYHsSI3rkWjgdowgdcwDgYDVR0PAQH/\nBAQDAgeAMAwGA1UdEwEB/wQCMAAwHQYDVR0OBBYEFIQGF+id/RC716g1rUnzn8Op\nlQ9jMCsGA1UdIwQkMCKAIPWBoW3zJfs8Hhn9OHP1xWNkGwJFvQRLTGFwVWqZaUSz\nMGsGCCoDBAUGBwgBBF97ImF0dHJzIjp7ImhmLkFmZmlsaWF0aW9uIjoib3JnMS5k\nZXBhcnRtZW50MSIsImhmLkVucm9sbG1lbnRJRCI6Imt1bmFsdHJ5IiwiaGYuVHlw\nZSI6ImNsaWVudCJ9fTAKBggqhkjOPQQDAgNHADBEAiBsQ/rlAT5419ZeDZBirmae\nYliiCZ4cbWQNbw6z9MyQXwIgMPPH5y8y/mxzbxuSQCszq6QphZm63L32h744wDWn\ngvM=\n-----END CERTIFICATE-----\n',
  privateKey: '-----BEGIN PRIVATE KEY-----\r\nMIGHAgEAMBMGByqGSM49AgEGCCqGSM49AwEHBG0wawIBAQQgZgb4wld7yLlfL6dZ\r\nk3w65gU/+0Eub2s2ctJnihojwP+hRANCAATlxD+8+Ue4ARN4qo73fjdRhn6sR9ww\r\nitOVX5h/IWf5l6HuOcJYu3dfdoXEy9dts+FJhbO56zlQiZcmB7EiN65F\r\n-----END PRIVATE KEY-----\r\n',
  orgName: 'Lordshire',
  userName: 'kunaltry' }
bodysddsfs { certificate: '-----BEGIN CERTIFICATE-----\nMIICnjCCAkWgAwIBAgIUB8MLFBgeoamEmROV1Wo/X0VVUxMwCgYIKoZIzj0EAwIw\nfTELMAkGA1UEBhMCVVMxEzARBgNVBAgTCkNhbGlmb3JuaWExFjAUBgNVBAcTDVNh\nbiBGcmFuY2lzY28xHjAcBgNVBAoTFUxvcmRzaGlyZS5leGFtcGxlLmNvbTEhMB8G\nA1UEAxMYY2EuTG9yZHNoaXJlLmV4YW1wbGUuY29tMB4XDTE5MDgzMDExNDAwMFoX\nDTIwMDgyOTExNDUwMFowRTEwMA0GA1UECxMGY2xpZW50MAsGA1UECxMEb3JnMTAS\nBgNVBAsTC2RlcGFydG1lbnQxMREwDwYDVQQDEwhrdW5hbHRyeTBZMBMGByqGSM49\nAgEGCCqGSM49AwEHA0IABOXEP7z5R7gBE3iqjvd+N1GGfqxH3DCK05VfmH8hZ/mX\noe45wli7d192hcTL122z4UmFs7nrOVCJlyYHsSI3rkWjgdowgdcwDgYDVR0PAQH/\nBAQDAgeAMAwGA1UdEwEB/wQCMAAwHQYDVR0OBBYEFIQGF+id/RC716g1rUnzn8Op\nlQ9jMCsGA1UdIwQkMCKAIPWBoW3zJfs8Hhn9OHP1xWNkGwJFvQRLTGFwVWqZaUSz\nMGsGCCoDBAUGBwgBBF97ImF0dHJzIjp7ImhmLkFmZmlsaWF0aW9uIjoib3JnMS5k\nZXBhcnRtZW50MSIsImhmLkVucm9sbG1lbnRJRCI6Imt1bmFsdHJ5IiwiaGYuVHlw\nZSI6ImNsaWVudCJ9fTAKBggqhkjOPQQDAgNHADBEAiBsQ/rlAT5419ZeDZBirmae\nYliiCZ4cbWQNbw6z9MyQXwIgMPPH5y8y/mxzbxuSQCszq6QphZm63L32h744wDWn\ngvM=\n-----END CERTIFICATE-----\n',
  mspid: 'LordshireMSP',
  orgname: 'Lordshire',
  privatekey: '-----BEGIN PRIVATE KEY-----\r\nMIGHAgEAMBMGByqGSM49AgEGCCqGSM49AwEHBG0wawIBAQQgZgb4wld7yLlfL6dZ\r\nk3w65gU/+0Eub2s2ctJnihojwP+hRANCAATlxD+8+Ue4ARN4qo73fjdRhn6sR9ww\r\nitOVX5h/IWf5l6HuOcJYu3dfdoXEy9dts+FJhbO56zlQiZcmB7EiN65F\r\n-----END PRIVATE KEY-----\r\n',
  type: 'X509',
  username: 'kunaltry',
  wallet_type: 'Student',
  studentId: '-----BEGIN CERTIFICATE-----\nMIICnjCCAkWgAwIBAgIUB8MLFBgeoamEmROV1Wo/X0VVUxMwCgYIKoZIzj0EAwIw\nfTELMAkGA1UEBhMCVVMxEzARBgNVBAgTCkNhbGlmb3JuaWExFjAUBgNVBAcTDVNh\nbiBGcmFuY2lzY28xHjAcBgNVBAoTFUxvcmRzaGlyZS5leGFtcGxlLmNvbTEhMB8G\nA1UEAxMYY2EuTG9yZHNoaXJlLmV4YW1wbGUuY29tMB4XDTE5MDgzMDExNDAwMFoX\nDTIwMDgyOTExNDUwMFowRTEwMA0GA1UECxMGY2xpZW50MAsGA1UECxMEb3JnMTAS\nBgNVBAsTC2RlcGFydG1lbnQxMREwDwYDVQQDEwhrdW5hbHRyeTBZMBMGByqGSM49\nAgEGCCqGSM49AwEHA0IABOXEP7z5R7gBE3iqjvd+N1GGfqxH3DCK05VfmH8hZ/mX\noe45wli7d192hcTL122z4UmFs7nrOVCJlyYHsSI3rkWjgdowgdcwDgYDVR0PAQH/\nBAQDAgeAMAwGA1UdEwEB/wQCMAAwHQYDVR0OBBYEFIQGF+id/RC716g1rUnzn8Op\nlQ9jMCsGA1UdIwQkMCKAIPWBoW3zJfs8Hhn9OHP1xWNkGwJFvQRLTGFwVWqZaUSz\nMGsGCCoDBAUGBwgBBF97ImF0dHJzIjp7ImhmLkFmZmlsaWF0aW9uIjoib3JnMS5k\nZXBhcnRtZW50MSIsImhmLkVucm9sbG1lbnRJRCI6Imt1bmFsdHJ5IiwiaGYuVHlw\nZSI6ImNsaWVudCJ9fTAKBggqhkjOPQQDAgNHADBEAiBsQ/rlAT5419ZeDZBirmae\nYliiCZ4cbWQNbw6z9MyQXwIgMPPH5y8y/mxzbxuSQCszq6QphZm63L32h744wDWn\ngvM=\n-----END CERTIFICATE-----\n',
  sex: 'M',
  address: '1212',
  contactNumber: '1212',
  age: '1212' }
{ certificate: '-----BEGIN CERTIFICATE-----\nMIICnjCCAkWgAwIBAgIUB8MLFBgeoamEmROV1Wo/X0VVUxMwCgYIKoZIzj0EAwIw\nfTELMAkGA1UEBhMCVVMxEzARBgNVBAgTCkNhbGlmb3JuaWExFjAUBgNVBAcTDVNh\nbiBGcmFuY2lzY28xHjAcBgNVBAoTFUxvcmRzaGlyZS5leGFtcGxlLmNvbTEhMB8G\nA1UEAxMYY2EuTG9yZHNoaXJlLmV4YW1wbGUuY29tMB4XDTE5MDgzMDExNDAwMFoX\nDTIwMDgyOTExNDUwMFowRTEwMA0GA1UECxMGY2xpZW50MAsGA1UECxMEb3JnMTAS\nBgNVBAsTC2RlcGFydG1lbnQxMREwDwYDVQQDEwhrdW5hbHRyeTBZMBMGByqGSM49\nAgEGCCqGSM49AwEHA0IABOXEP7z5R7gBE3iqjvd+N1GGfqxH3DCK05VfmH8hZ/mX\noe45wli7d192hcTL122z4UmFs7nrOVCJlyYHsSI3rkWjgdowgdcwDgYDVR0PAQH/\nBAQDAgeAMAwGA1UdEwEB/wQCMAAwHQYDVR0OBBYEFIQGF+id/RC716g1rUnzn8Op\nlQ9jMCsGA1UdIwQkMCKAIPWBoW3zJfs8Hhn9OHP1xWNkGwJFvQRLTGFwVWqZaUSz\nMGsGCCoDBAUGBwgBBF97ImF0dHJzIjp7ImhmLkFmZmlsaWF0aW9uIjoib3JnMS5k\nZXBhcnRtZW50MSIsImhmLkVucm9sbG1lbnRJRCI6Imt1bmFsdHJ5IiwiaGYuVHlw\nZSI6ImNsaWVudCJ9fTAKBggqhkjOPQQDAgNHADBEAiBsQ/rlAT5419ZeDZBirmae\nYliiCZ4cbWQNbw6z9MyQXwIgMPPH5y8y/mxzbxuSQCszq6QphZm63L32h744wDWn\ngvM=\n-----END CERTIFICATE-----\n',
  mspid: 'LordshireMSP',
  orgname: 'Lordshire',
  privatekey: '-----BEGIN PRIVATE KEY-----\r\nMIGHAgEAMBMGByqGSM49AgEGCCqGSM49AwEHBG0wawIBAQQgZgb4wld7yLlfL6dZ\r\nk3w65gU/+0Eub2s2ctJnihojwP+hRANCAATlxD+8+Ue4ARN4qo73fjdRhn6sR9ww\r\nitOVX5h/IWf5l6HuOcJYu3dfdoXEy9dts+FJhbO56zlQiZcmB7EiN65F\r\n-----END PRIVATE KEY-----\r\n',
  type: 'X509',
  username: 'kunaltry',
  wallet_type: 'Student',
  studentId: '-----BEGIN CERTIFICATE-----\nMIICnjCCAkWgAwIBAgIUB8MLFBgeoamEmROV1Wo/X0VVUxMwCgYIKoZIzj0EAwIw\nfTELMAkGA1UEBhMCVVMxEzARBgNVBAgTCkNhbGlmb3JuaWExFjAUBgNVBAcTDVNh\nbiBGcmFuY2lzY28xHjAcBgNVBAoTFUxvcmRzaGlyZS5leGFtcGxlLmNvbTEhMB8G\nA1UEAxMYY2EuTG9yZHNoaXJlLmV4YW1wbGUuY29tMB4XDTE5MDgzMDExNDAwMFoX\nDTIwMDgyOTExNDUwMFowRTEwMA0GA1UECxMGY2xpZW50MAsGA1UECxMEb3JnMTAS\nBgNVBAsTC2RlcGFydG1lbnQxMREwDwYDVQQDEwhrdW5hbHRyeTBZMBMGByqGSM49\nAgEGCCqGSM49AwEHA0IABOXEP7z5R7gBE3iqjvd+N1GGfqxH3DCK05VfmH8hZ/mX\noe45wli7d192hcTL122z4UmFs7nrOVCJlyYHsSI3rkWjgdowgdcwDgYDVR0PAQH/\nBAQDAgeAMAwGA1UdEwEB/wQCMAAwHQYDVR0OBBYEFIQGF+id/RC716g1rUnzn8Op\nlQ9jMCsGA1UdIwQkMCKAIPWBoW3zJfs8Hhn9OHP1xWNkGwJFvQRLTGFwVWqZaUSz\nMGsGCCoDBAUGBwgBBF97ImF0dHJzIjp7ImhmLkFmZmlsaWF0aW9uIjoib3JnMS5k\nZXBhcnRtZW50MSIsImhmLkVucm9sbG1lbnRJRCI6Imt1bmFsdHJ5IiwiaGYuVHlw\nZSI6ImNsaWVudCJ9fTAKBggqhkjOPQQDAgNHADBEAiBsQ/rlAT5419ZeDZBirmae\nYliiCZ4cbWQNbw6z9MyQXwIgMPPH5y8y/mxzbxuSQCszq6QphZm63L32h744wDWn\ngvM=\n-----END CERTIFICATE-----\n',
  sex: 'M',
  address: '1212',
  contactNumber: '1212',
  age: '1212' }
error in user identity
App listening on port 3000!
App listening on port 3000!
App listening on port 3000!
wallet imported
bodysddsfs { studentId: 'test',
  studentName: 'test',
  sex: 'f',
  age: 'etst',
  contactNumber: 'test',
  address: 'test',
  orgname: 'Lordshire',
  certificate: '-----BEGIN CERTIFICATE-----\nMIICnjCCAkWgAwIBAgIUKVtZkiO8ZTM5qNOeqMLPTPPocxAwCgYIKoZIzj0EAwIw\nfTELMAkGA1UEBhMCVVMxEzARBgNVBAgTCkNhbGlmb3JuaWExFjAUBgNVBAcTDVNh\nbiBGcmFuY2lzY28xHjAcBgNVBAoTFUxvcmRzaGlyZS5leGFtcGxlLmNvbTEhMB8G\nA1UEAxMYY2EuTG9yZHNoaXJlLmV4YW1wbGUuY29tMB4XDTE5MDgzMDEzMTAwMFoX\nDTIwMDgyOTEzMTUwMFowRTEwMA0GA1UECxMGY2xpZW50MAsGA1UECxMEb3JnMTAS\nBgNVBAsTC2RlcGFydG1lbnQxMREwDwYDVQQDEwhjbGxlZ2VnMjBZMBMGByqGSM49\nAgEGCCqGSM49AwEHA0IABNFmoTeBafuY+sIoxn3q0dvRma4TQnq5ej29s0m13QVh\nfTIndxt+MUSuba2iyYYAzN8A1EsKMQClEItjk8KA9a+jgdowgdcwDgYDVR0PAQH/\nBAQDAgeAMAwGA1UdEwEB/wQCMAAwHQYDVR0OBBYEFJ40YrKKqRhg/E2sWyfqOIU5\nspKcMCsGA1UdIwQkMCKAIPWBoW3zJfs8Hhn9OHP1xWNkGwJFvQRLTGFwVWqZaUSz\nMGsGCCoDBAUGBwgBBF97ImF0dHJzIjp7ImhmLkFmZmlsaWF0aW9uIjoib3JnMS5k\nZXBhcnRtZW50MSIsImhmLkVucm9sbG1lbnRJRCI6ImNsbGVnZWcyIiwiaGYuVHlw\nZSI6ImNsaWVudCJ9fTAKBggqhkjOPQQDAgNHADBEAiBvTm/BP45KheSv9sSehNLF\ny5wU+r8xWNLgxKm49kb83gIgCuqfJoWpZUz/J2MKVn3kqGbMao4y67V87N8QF6Ty\nXZM=\n-----END CERTIFICATE-----\n',
  mspid: 'LordshireMSP',
  privatekey: '-----BEGIN PRIVATE KEY-----\r\nMIGHAgEAMBMGByqGSM49AgEGCCqGSM49AwEHBG0wawIBAQQgvn7/8syQHFOlzuw7\r\nHjYNxOEM0LHZr2GsE9E/dna+OlGhRANCAATRZqE3gWn7mPrCKMZ96tHb0ZmuE0J6\r\nuXo9vbNJtd0FYX0yJ3cbfjFErm2tosmGAMzfANRLCjEApRCLY5PCgPWv\r\n-----END PRIVATE KEY-----\r\n',
  type: 'X509',
  username: 'cllegeg2',
  wallet_type: 'College' }
error in user identity
wallet imported
wallet imported
wallet imported
wallet imported
